<?xml version="1.0" encoding="UTF-8"?>
<testsuites name="Approve new company" time="277.809" tests="3" failures="3" errors="0">
   <testsuite name="Approve new company" tests="3" failures="3" errors="0" time="277.809" skipped="0" timestamp="2022-11-28 12:44:29" hostname="andalosya - 192.168.1.14" id="Test Suites/Approve new company">
      <properties>
         <property name="deviceName" value=""/>
         <property name="devicePlatform" value=""/>
         <property name="logFolder" value="C:\\Users\\andalosya\\git\\Jadeer\\Reports\\20221128_124422\\Approve new company\\20221128_124422"/>
         <property name="logFiles" value="C:\\Users\\andalosya\\git\\Jadeer\\Reports\\20221128_124422\\Approve new company\\20221128_124422\\execution0.log"/>
         <property name="attachments" value="C:\\Users\\andalosya\\git\\Jadeer\\Reports\\20221128_124422\\Approve new company\\20221128_124422\\1669632449702.png"/>
         <property name="hostName" value="andalosya - 192.168.1.14"/>
         <property name="os" value="Windows 10 64bit"/>
         <property name="katalonVersion" value="8.5.2.208"/>
         <property name="browser" value="Chrome 107.0.0.0"/>
         <property name="hostAddress" value="192.168.1.14"/>
         <property name="sessionId" value="04c8d07416c55a9b9a45accb98db9e25"/>
         <property name="seleniumVersion" value="3.141.59"/>
         <property name="proxyInformation" value="ProxyInformation { proxyOption=NO_PROXY, proxyServerType=HTTP, username=, password=********, proxyServerAddress=, proxyServerPort=0, executionList=&quot;&quot;, isApplyToDesiredCapabilities=true }"/>
         <property name="platform" value="Windows 10"/>
      </properties>
      <testcase name="Test Cases/Company New Reg -Update" time="182.206" classname="Test Cases/Company New Reg -Update" status="FAILED">
         <failure type="FAILED" message="Test Cases/Company New Reg -Update FAILED.
Reason:
com.kms.katalon.core.exception.StepFailedException: Unable to click on object 'Object Repository/register/prev buttons/delete wakel'
	at com.kms.katalon.core.webui.keyword.internal.WebUIKeywordMain.stepFailed(WebUIKeywordMain.groovy:64)
	at com.kms.katalon.core.webui.keyword.internal.WebUIKeywordMain.runKeyword(WebUIKeywordMain.groovy:26)
	at com.kms.katalon.core.webui.keyword.builtin.ClickKeyword.click(ClickKeyword.groovy:74)
	at com.kms.katalon.core.webui.keyword.builtin.ClickKeyword.execute(ClickKeyword.groovy:40)
	at com.kms.katalon.core.keyword.internal.KeywordExecutor.executeKeywordForPlatform(KeywordExecutor.groovy:74)
	at com.kms.katalon.core.webui.keyword.WebUiBuiltInKeywords.click(WebUiBuiltInKeywords.groovy:620)
	at com.kms.katalon.core.webui.keyword.WebUiBuiltInKeywords$click$3.call(Unknown Source)
	at Company New Reg -Update.run(Company New Reg -Update:191)
	at com.kms.katalon.core.main.ScriptEngine.run(ScriptEngine.java:194)
	at com.kms.katalon.core.main.ScriptEngine.runScriptAsRawText(ScriptEngine.java:119)
	at com.kms.katalon.core.main.TestCaseExecutor.runScript(TestCaseExecutor.java:448)
	at com.kms.katalon.core.main.TestCaseExecutor.doExecute(TestCaseExecutor.java:439)
	at com.kms.katalon.core.main.TestCaseExecutor.processExecutionPhase(TestCaseExecutor.java:418)
	at com.kms.katalon.core.main.TestCaseExecutor.accessMainPhase(TestCaseExecutor.java:410)
	at com.kms.katalon.core.main.TestCaseExecutor.execute(TestCaseExecutor.java:285)
	at com.kms.katalon.core.common.CommonExecutor.accessTestCaseMainPhase(CommonExecutor.java:65)
	at com.kms.katalon.core.main.TestSuiteExecutor.accessTestSuiteMainPhase(TestSuiteExecutor.java:151)
	at com.kms.katalon.core.main.TestSuiteExecutor.execute(TestSuiteExecutor.java:106)
	at com.kms.katalon.core.main.TestCaseMain.startTestSuite(TestCaseMain.java:185)
	at com.kms.katalon.core.main.TestCaseMain$startTestSuite$0.call(Unknown Source)
	at TempTestSuite1669632262710.run(TempTestSuite1669632262710.groovy:36)
Caused by: com.kms.katalon.core.webui.exception.WebElementNotFoundException: Web element with id: 'Object Repository/register/prev buttons/delete wakel' located by '//ul[@id='ddlSMEClassifications_taglist']/li[3]/span[2]' not found
	at com.kms.katalon.core.webui.common.WebUiCommonHelper.findWebElement(WebUiCommonHelper.java:1370)
	at com.kms.katalon.core.webui.keyword.internal.WebUIAbstractKeyword.findWebElement(WebUIAbstractKeyword.groovy:27)
	at com.kms.katalon.core.webui.keyword.builtin.ClickKeyword$_click_closure1.doCall(ClickKeyword.groovy:65)
	at com.kms.katalon.core.webui.keyword.builtin.ClickKeyword$_click_closure1.call(ClickKeyword.groovy)
	at com.kms.katalon.core.webui.keyword.internal.WebUIKeywordMain.runKeyword(WebUIKeywordMain.groovy:20)
	... 19 more
"/>
         <system-out><![CDATA[2022-11-28 12:44:30 - [TEST_CASE][FAILED] - Test Cases/Company New Reg -Update: Test Cases/Company New Reg -Update FAILED.
Reason:
com.kms.katalon.core.exception.StepFailedException: Unable to click on object 'Object Repository/register/prev buttons/delete wakel'
	at com.kms.katalon.core.webui.keyword.internal.WebUIKeywordMain.stepFailed(WebUIKeywordMain.groovy:64)
	at com.kms.katalon.core.webui.keyword.internal.WebUIKeywordMain.runKeyword(WebUIKeywordMain.groovy:26)
	at com.kms.katalon.core.webui.keyword.builtin.ClickKeyword.click(ClickKeyword.groovy:74)
	at com.kms.katalon.core.webui.keyword.builtin.ClickKeyword.execute(ClickKeyword.groovy:40)
	at com.kms.katalon.core.keyword.internal.KeywordExecutor.executeKeywordForPlatform(KeywordExecutor.groovy:74)
	at com.kms.katalon.core.webui.keyword.WebUiBuiltInKeywords.click(WebUiBuiltInKeywords.groovy:620)
	at com.kms.katalon.core.webui.keyword.WebUiBuiltInKeywords$click$3.call(Unknown Source)
	at Company New Reg -Update.run(Company New Reg -Update:191)
	at com.kms.katalon.core.main.ScriptEngine.run(ScriptEngine.java:194)
	at com.kms.katalon.core.main.ScriptEngine.runScriptAsRawText(ScriptEngine.java:119)
	at com.kms.katalon.core.main.TestCaseExecutor.runScript(TestCaseExecutor.java:448)
	at com.kms.katalon.core.main.TestCaseExecutor.doExecute(TestCaseExecutor.java:439)
	at com.kms.katalon.core.main.TestCaseExecutor.processExecutionPhase(TestCaseExecutor.java:418)
	at com.kms.katalon.core.main.TestCaseExecutor.accessMainPhase(TestCaseExecutor.java:410)
	at com.kms.katalon.core.main.TestCaseExecutor.execute(TestCaseExecutor.java:285)
	at com.kms.katalon.core.common.CommonExecutor.accessTestCaseMainPhase(CommonExecutor.java:65)
	at com.kms.katalon.core.main.TestSuiteExecutor.accessTestSuiteMainPhase(TestSuiteExecutor.java:151)
	at com.kms.katalon.core.main.TestSuiteExecutor.execute(TestSuiteExecutor.java:106)
	at com.kms.katalon.core.main.TestCaseMain.startTestSuite(TestCaseMain.java:185)
	at com.kms.katalon.core.main.TestCaseMain$startTestSuite$0.call(Unknown Source)
	at TempTestSuite1669632262710.run(TempTestSuite1669632262710.groovy:36)
Caused by: com.kms.katalon.core.webui.exception.WebElementNotFoundException: Web element with id: 'Object Repository/register/prev buttons/delete wakel' located by '//ul[@id='ddlSMEClassifications_taglist']/li[3]/span[2]' not found
	at com.kms.katalon.core.webui.common.WebUiCommonHelper.findWebElement(WebUiCommonHelper.java:1370)
	at com.kms.katalon.core.webui.keyword.internal.WebUIAbstractKeyword.findWebElement(WebUIAbstractKeyword.groovy:27)
	at com.kms.katalon.core.webui.keyword.builtin.ClickKeyword$_click_closure1.doCall(ClickKeyword.groovy:65)
	at com.kms.katalon.core.webui.keyword.builtin.ClickKeyword$_click_closure1.call(ClickKeyword.groovy)
	at com.kms.katalon.core.webui.keyword.internal.WebUIKeywordMain.runKeyword(WebUIKeywordMain.groovy:20)
	... 19 more


2022-11-28 12:44:32 - [TEST_STEP][PASSED] - callTestCase(findTestCase("Login SME"), [:], STOP_ON_FAILURE): Call Test Case 'Test Cases/Login SME' successfully

2022-11-28 12:44:32 - [TEST_CASE][PASSED] - Test Cases/Login SME: Test Cases/Login SME

2022-11-28 12:44:34 - [TEST_STEP][PASSED] - openBrowser(""): Browser is opened with url: ''

2022-11-28 12:44:35 - [MESSAGE][INFO] - Starting 'Chrome' driver

2022-11-28 12:44:35 - [MESSAGE][INFO] - Action delay is set to 0 milliseconds

2022-11-28 12:44:40 - [MESSAGE][PASSED] - Browser is opened with url: ''

2022-11-28 12:44:40 - [TEST_STEP][PASSED] - navigateToUrl(URL): Navigate to 'http://jadeertesting.suredemos.com/Account/Login_ChangeLanguage/?Language=lxdg%2B1NKHabC2BT23ZH2fw%3D%3D' successfully

2022-11-28 12:44:45 - [MESSAGE][PASSED] - Navigate to 'http://jadeertesting.suredemos.com/Account/Login_ChangeLanguage/?Language=lxdg%2B1NKHabC2BT23ZH2fw%3D%3D' successfully

2022-11-28 12:44:45 - [TEST_STEP][PASSED] - setText(findTestObject("login/input__UserName"), SME): Text '1024901843' is set on object 'Object Repository/login/input__UserName'

2022-11-28 12:44:47 - [MESSAGE][PASSED] - Text '1024901843' is set on object 'Object Repository/login/input__UserName'

2022-11-28 12:44:47 - [TEST_STEP][PASSED] - setEncryptedText(findTestObject("login/input__Password"), SMEPW): Text ****** has been set on object 'Object Repository/login/input__Password'

2022-11-28 12:44:48 - [MESSAGE][PASSED] - Text ****** has been set on object 'Object Repository/login/input__Password'

2022-11-28 12:44:48 - [TEST_STEP][PASSED] - delay(10): Delayed 10 second(s)

2022-11-28 12:44:58 - [MESSAGE][PASSED] - Delayed 10 second(s)

2022-11-28 12:44:58 - [TEST_STEP][PASSED] - click(findTestObject("login/login button_")): Object: 'Object Repository/login/login button_' is clicked on

2022-11-28 12:45:07 - [MESSAGE][PASSED] - Object: 'Object Repository/login/login button_' is clicked on

2022-11-28 12:45:08 - [MESSAGE][PASSED] - Call Test Case 'Test Cases/Login SME' successfully

2022-11-28 12:45:08 - [TEST_STEP][PASSED] - mouseOver(findTestObject("register/fill profile/popup"), STOP_ON_FAILURE): Object: 'Object Repository/register/fill profile/popup' is hovered

2022-11-28 12:45:10 - [MESSAGE][PASSED] - Object: 'Object Repository/register/fill profile/popup' is hovered

2022-11-28 12:45:10 - [TEST_STEP][PASSED] - click(findTestObject("register/fill profile/Select company"), STOP_ON_FAILURE): Object: 'Object Repository/register/fill profile/Select company' is clicked on

2022-11-28 12:45:18 - [MESSAGE][PASSED] - Object: 'Object Repository/register/fill profile/Select company' is clicked on

2022-11-28 12:45:18 - [TEST_STEP][PASSED] - maximizeWindow(STOP_ON_FAILURE): Current window maximized

2022-11-28 12:45:19 - [MESSAGE][PASSED] - Current window maximized

2022-11-28 12:45:19 - [TEST_STEP][PASSED] - mouseOver(findTestObject("register/fill profile/header"), STOP_ON_FAILURE): Object: 'Object Repository/register/fill profile/header' is hovered

2022-11-28 12:45:20 - [MESSAGE][PASSED] - Object: 'Object Repository/register/fill profile/header' is hovered

2022-11-28 12:45:20 - [TEST_STEP][PASSED] - click(findTestObject("register/fill profile/Select prof updated"), CONTINUE_ON_FAILURE): Object: 'Object Repository/register/fill profile/Select prof updated' is clicked on

2022-11-28 12:45:20 - [MESSAGE][PASSED] - Object: 'Object Repository/register/fill profile/Select prof updated' is clicked on

2022-11-28 12:45:20 - [TEST_STEP][PASSED] - waitForElementVisible(findTestObject("register/fill profile/input__CompanyName"), 10): Object 'Object Repository/register/fill profile/input__CompanyName' is visible

2022-11-28 12:45:27 - [MESSAGE][PASSED] - Object 'Object Repository/register/fill profile/input__CompanyName' is visible

2022-11-28 12:45:27 - [TEST_STEP][PASSED] - setText(findTestObject("register/fill profile/input__CompanyName"), "test company", STOP_ON_FAILURE): Text 'test company' is set on object 'Object Repository/register/fill profile/input__CompanyName'

2022-11-28 12:45:29 - [MESSAGE][PASSED] - Text 'test company' is set on object 'Object Repository/register/fill profile/input__CompanyName'

2022-11-28 12:45:29 - [TEST_STEP][PASSED] - setText(findTestObject("register/fill profile/input__BrandName"), "brand", STOP_ON_FAILURE): Text 'brand' is set on object 'Object Repository/register/fill profile/input__BrandName'

2022-11-28 12:45:30 - [MESSAGE][PASSED] - Text 'brand' is set on object 'Object Repository/register/fill profile/input__BrandName'

2022-11-28 12:45:30 - [TEST_STEP][PASSED] - setText(findTestObject("register/fill profile/input__BrandNameAr"), "براند", STOP_ON_FAILURE): Text 'براند' is set on object 'Object Repository/register/fill profile/input__BrandNameAr'

2022-11-28 12:45:31 - [MESSAGE][PASSED] - Text 'براند' is set on object 'Object Repository/register/fill profile/input__BrandNameAr'

2022-11-28 12:45:31 - [TEST_STEP][PASSED] - click(findTestObject("register/fill profile/select lan"), STOP_ON_FAILURE): Object: 'Object Repository/register/fill profile/select lan' is clicked on

2022-11-28 12:45:32 - [MESSAGE][PASSED] - Object: 'Object Repository/register/fill profile/select lan' is clicked on

2022-11-28 12:45:32 - [TEST_STEP][PASSED] - click(findTestObject("register/fill profile/lang arabic"), STOP_ON_FAILURE): Object: 'Object Repository/register/fill profile/lang arabic' is clicked on

2022-11-28 12:45:33 - [MESSAGE][PASSED] - Object: 'Object Repository/register/fill profile/lang arabic' is clicked on

2022-11-28 12:45:33 - [TEST_STEP][PASSED] - click(findTestObject("register/fill profile/next 1"), STOP_ON_FAILURE): Object: 'Object Repository/register/fill profile/next 1' is clicked on

2022-11-28 12:45:34 - [MESSAGE][PASSED] - Object: 'Object Repository/register/fill profile/next 1' is clicked on

2022-11-28 12:45:34 - [TEST_STEP][PASSED] - scrollToElement(findTestObject("register/fill profile/Page_/scroll"), 2, STOP_ON_FAILURE): Scroll to object 'Object Repository/register/fill profile/Page_/scroll' successfully

2022-11-28 12:45:35 - [MESSAGE][PASSED] - Scroll to object 'Object Repository/register/fill profile/Page_/scroll' successfully

2022-11-28 12:45:35 - [TEST_STEP][PASSED] - click(findTestObject("register/fill profile/select city"), STOP_ON_FAILURE): Object: 'Object Repository/register/fill profile/select city' is clicked on

2022-11-28 12:45:36 - [MESSAGE][PASSED] - Object: 'Object Repository/register/fill profile/select city' is clicked on

2022-11-28 12:45:36 - [TEST_STEP][PASSED] - click(findTestObject("register/fill profile/city"), STOP_ON_FAILURE): Object: 'Object Repository/register/fill profile/city' is clicked on

2022-11-28 12:45:37 - [MESSAGE][PASSED] - Object: 'Object Repository/register/fill profile/city' is clicked on

2022-11-28 12:45:37 - [TEST_STEP][PASSED] - setText(findTestObject("register/fill profile/Page_/input__District"), "test ", STOP_ON_FAILURE): Text 'test ' is set on object 'Object Repository/register/fill profile/Page_/input__District'

2022-11-28 12:45:38 - [MESSAGE][PASSED] - Text 'test ' is set on object 'Object Repository/register/fill profile/Page_/input__District'

2022-11-28 12:45:38 - [TEST_STEP][PASSED] - setText(findTestObject("register/fill profile/input__BuildingNumber"), "4544", STOP_ON_FAILURE): Text '4544' is set on object 'Object Repository/register/fill profile/input__BuildingNumber'

2022-11-28 12:45:40 - [MESSAGE][PASSED] - Text '4544' is set on object 'Object Repository/register/fill profile/input__BuildingNumber'

2022-11-28 12:45:40 - [TEST_STEP][PASSED] - setText(findTestObject("register/fill profile/input__StreetAddress"), "Street", STOP_ON_FAILURE): Text 'Street' is set on object 'Object Repository/register/fill profile/input__StreetAddress'

2022-11-28 12:45:41 - [MESSAGE][PASSED] - Text 'Street' is set on object 'Object Repository/register/fill profile/input__StreetAddress'

2022-11-28 12:45:41 - [TEST_STEP][PASSED] - setText(findTestObject("register/fill profile/input__StreetAddressAr"), "شارع ابو حمد", STOP_ON_FAILURE): Text 'شارع ابو حمد' is set on object 'Object Repository/register/fill profile/input__StreetAddressAr'

2022-11-28 12:45:43 - [MESSAGE][PASSED] - Text 'شارع ابو حمد' is set on object 'Object Repository/register/fill profile/input__StreetAddressAr'

2022-11-28 12:45:43 - [TEST_STEP][PASSED] - setText(findTestObject("register/fill profile/input__GeoLocation"), "https://www.google.com/maps?cid=18374608280476341734", STOP_ON_FAILURE): Text 'https://www.google.com/maps?cid=18374608280476341734' is set on object 'Object Repository/register/fill profile/input__GeoLocation'

2022-11-28 12:45:45 - [MESSAGE][PASSED] - Text 'https://www.google.com/maps?cid=18374608280476341734' is set on object 'Object Repository/register/fill profile/input__GeoLocation'

2022-11-28 12:45:45 - [TEST_STEP][PASSED] - click(findTestObject("register/fill profile/next2"), STOP_ON_FAILURE): Object: 'Object Repository/register/fill profile/next2' is clicked on

2022-11-28 12:45:46 - [MESSAGE][PASSED] - Object: 'Object Repository/register/fill profile/next2' is clicked on

2022-11-28 12:45:46 - [TEST_STEP][PASSED] - scrollToElement(findTestObject("register/fill profile/Page_/next3"), 0, STOP_ON_FAILURE): Scroll to object 'Object Repository/register/fill profile/Page_/next3' successfully

2022-11-28 12:45:46 - [MESSAGE][WARNING] - Timeout '0' is invalid. Using default page load timeout: '30'

2022-11-28 12:45:47 - [MESSAGE][PASSED] - Scroll to object 'Object Repository/register/fill profile/Page_/next3' successfully

2022-11-28 12:45:47 - [TEST_STEP][PASSED] - click(findTestObject("register/fill profile/Page_/next3"), STOP_ON_FAILURE): Object: 'Object Repository/register/fill profile/Page_/next3' is clicked on

2022-11-28 12:45:48 - [MESSAGE][PASSED] - Object: 'Object Repository/register/fill profile/Page_/next3' is clicked on

2022-11-28 12:45:48 - [TEST_STEP][PASSED] - scrollToElement(findTestObject("register/fill profile/Page_/scroll"), 0, STOP_ON_FAILURE): Scroll to object 'Object Repository/register/fill profile/Page_/scroll' successfully

2022-11-28 12:45:48 - [MESSAGE][WARNING] - Timeout '0' is invalid. Using default page load timeout: '30'

2022-11-28 12:45:49 - [MESSAGE][PASSED] - Scroll to object 'Object Repository/register/fill profile/Page_/scroll' successfully

2022-11-28 12:45:49 - [TEST_STEP][PASSED] - click(findTestObject("register/fill profile/Page_/label_"), STOP_ON_FAILURE): Object: 'Object Repository/register/fill profile/Page_/label_' is clicked on

2022-11-28 12:45:50 - [MESSAGE][PASSED] - Object: 'Object Repository/register/fill profile/Page_/label_' is clicked on

2022-11-28 12:45:50 - [TEST_STEP][PASSED] - click(findTestObject("register/fill profile/Page_/input__btn_SAGIA_Save"), STOP_ON_FAILURE): Object: 'Object Repository/register/fill profile/Page_/input__btn_SAGIA_Save' is clicked on

2022-11-28 12:45:51 - [MESSAGE][PASSED] - Object: 'Object Repository/register/fill profile/Page_/input__btn_SAGIA_Save' is clicked on

2022-11-28 12:45:51 - [TEST_STEP][PASSED] - scrollToElement(findTestObject("register/fill profile/Page_/scroll"), 0, STOP_ON_FAILURE): Scroll to object 'Object Repository/register/fill profile/Page_/scroll' successfully

2022-11-28 12:45:51 - [MESSAGE][WARNING] - Timeout '0' is invalid. Using default page load timeout: '30'

2022-11-28 12:45:53 - [MESSAGE][PASSED] - Scroll to object 'Object Repository/register/fill profile/Page_/scroll' successfully

2022-11-28 12:45:53 - [TEST_STEP][PASSED] - click(findTestObject("register/fill profile/Page_/input__btn_ZAKAT_Save"), STOP_ON_FAILURE): Object: 'Object Repository/register/fill profile/Page_/input__btn_ZAKAT_Save' is clicked on

2022-11-28 12:45:53 - [MESSAGE][PASSED] - Object: 'Object Repository/register/fill profile/Page_/input__btn_ZAKAT_Save' is clicked on

2022-11-28 12:45:53 - [TEST_STEP][PASSED] - delay(5): Delayed 5 second(s)

2022-11-28 12:45:58 - [MESSAGE][PASSED] - Delayed 5 second(s)

2022-11-28 12:45:58 - [TEST_STEP][PASSED] - scrollToElement(findTestObject("register/fill profile/Page_/scroll"), 5, STOP_ON_FAILURE): Scroll to object 'Object Repository/register/fill profile/Page_/scroll' successfully

2022-11-28 12:45:59 - [MESSAGE][PASSED] - Scroll to object 'Object Repository/register/fill profile/Page_/scroll' successfully

2022-11-28 12:45:59 - [TEST_STEP][PASSED] - waitForElementVisible(findTestObject("register/fill profile/label_company4"), 5): Object 'Object Repository/register/fill profile/label_company4' is visible

2022-11-28 12:46:00 - [MESSAGE][PASSED] - Object 'Object Repository/register/fill profile/label_company4' is visible

2022-11-28 12:46:00 - [TEST_STEP][PASSED] - click(findTestObject("register/fill profile/label_company4"), STOP_ON_FAILURE): Object: 'Object Repository/register/fill profile/label_company4' is clicked on

2022-11-28 12:46:00 - [MESSAGE][PASSED] - Object: 'Object Repository/register/fill profile/label_company4' is clicked on

2022-11-28 12:46:00 - [TEST_STEP][PASSED] - setText(findTestObject("register/fill profile/Page_/input__LocalContentScore"), "4", STOP_ON_FAILURE): Text '4' is set on object 'Object Repository/register/fill profile/Page_/input__LocalContentScore'

2022-11-28 12:46:01 - [MESSAGE][PASSED] - Text '4' is set on object 'Object Repository/register/fill profile/Page_/input__LocalContentScore'

2022-11-28 12:46:01 - [TEST_STEP][PASSED] - click(findTestObject("register/fill profile/Page_/input__btn_CompanySize_Save"), STOP_ON_FAILURE): Object: 'Object Repository/register/fill profile/Page_/input__btn_CompanySize_Save' is clicked on

2022-11-28 12:46:02 - [MESSAGE][PASSED] - Object: 'Object Repository/register/fill profile/Page_/input__btn_CompanySize_Save' is clicked on

2022-11-28 12:46:02 - [TEST_STEP][PASSED] - scrollToElement(findTestObject("register/fill profile/Page_/scroll"), 0, STOP_ON_FAILURE): Scroll to object 'Object Repository/register/fill profile/Page_/scroll' successfully

2022-11-28 12:46:03 - [MESSAGE][WARNING] - Timeout '0' is invalid. Using default page load timeout: '30'

2022-11-28 12:46:03 - [MESSAGE][PASSED] - Scroll to object 'Object Repository/register/fill profile/Page_/scroll' successfully

2022-11-28 12:46:03 - [TEST_STEP][PASSED] - scrollToElement(findTestObject("register/fill profile/Page_/add contact"), 0, STOP_ON_FAILURE): Scroll to object 'Object Repository/register/fill profile/Page_/add contact' successfully

2022-11-28 12:46:04 - [MESSAGE][WARNING] - Timeout '0' is invalid. Using default page load timeout: '30'

2022-11-28 12:46:04 - [MESSAGE][PASSED] - Scroll to object 'Object Repository/register/fill profile/Page_/add contact' successfully

2022-11-28 12:46:04 - [TEST_STEP][PASSED] - click(findTestObject("register/prev buttons/delete contact"), OPTIONAL): Object: 'Object Repository/register/prev buttons/delete contact' is clicked on

2022-11-28 12:46:05 - [MESSAGE][PASSED] - Object: 'Object Repository/register/prev buttons/delete contact' is clicked on

2022-11-28 12:46:05 - [TEST_STEP][PASSED] - click(findTestObject("register/fill profile/Page_/add contact"), STOP_ON_FAILURE): Object: 'Object Repository/register/fill profile/Page_/add contact' is clicked on

2022-11-28 12:46:05 - [MESSAGE][PASSED] - Object: 'Object Repository/register/fill profile/Page_/add contact' is clicked on

2022-11-28 12:46:05 - [TEST_STEP][PASSED] - setText(findTestObject("register/fill profile/Page_/input__ContactInformationName"), "test", STOP_ON_FAILURE): Text 'test' is set on object 'Object Repository/register/fill profile/Page_/input__ContactInformationName'

2022-11-28 12:46:07 - [MESSAGE][PASSED] - Text 'test' is set on object 'Object Repository/register/fill profile/Page_/input__ContactInformationName'

2022-11-28 12:46:07 - [TEST_STEP][PASSED] - setText(findTestObject("register/fill profile/Page_/input__ContactInformationNameAr"), "اسم", STOP_ON_FAILURE): Text 'اسم' is set on object 'Object Repository/register/fill profile/Page_/input__ContactInformationNameAr'

2022-11-28 12:46:08 - [MESSAGE][PASSED] - Text 'اسم' is set on object 'Object Repository/register/fill profile/Page_/input__ContactInformationNameAr'

2022-11-28 12:46:08 - [TEST_STEP][PASSED] - setText(findTestObject("register/fill profile/Page_/input__ContactInformationJobTitle"), "QA", STOP_ON_FAILURE): Text 'QA' is set on object 'Object Repository/register/fill profile/Page_/input__ContactInformationJobTitle'

2022-11-28 12:46:10 - [MESSAGE][PASSED] - Text 'QA' is set on object 'Object Repository/register/fill profile/Page_/input__ContactInformationJobTitle'

2022-11-28 12:46:10 - [TEST_STEP][PASSED] - setText(findTestObject("register/fill profile/Page_/input__ContactInformationJobTitleAr"), "مهندس", STOP_ON_FAILURE): Text 'مهندس' is set on object 'Object Repository/register/fill profile/Page_/input__ContactInformationJobTitleAr'

2022-11-28 12:46:11 - [MESSAGE][PASSED] - Text 'مهندس' is set on object 'Object Repository/register/fill profile/Page_/input__ContactInformationJobTitleAr'

2022-11-28 12:46:11 - [TEST_STEP][PASSED] - waitForElementVisible(findTestObject("register/fill profile/Page_/conact type"), 3, STOP_ON_FAILURE): Object 'Object Repository/register/fill profile/Page_/conact type' is visible

2022-11-28 12:46:12 - [MESSAGE][PASSED] - Object 'Object Repository/register/fill profile/Page_/conact type' is visible

2022-11-28 12:46:12 - [TEST_STEP][PASSED] - click(findTestObject("register/fill profile/Page_/conact type"), STOP_ON_FAILURE): Object: 'Object Repository/register/fill profile/Page_/conact type' is clicked on

2022-11-28 12:46:12 - [MESSAGE][PASSED] - Object: 'Object Repository/register/fill profile/Page_/conact type' is clicked on

2022-11-28 12:46:12 - [TEST_STEP][PASSED] - click(findTestObject("register/fill profile/Page_/li_"), STOP_ON_FAILURE): Object: 'Object Repository/register/fill profile/Page_/li_' is clicked on

2022-11-28 12:46:13 - [MESSAGE][PASSED] - Object: 'Object Repository/register/fill profile/Page_/li_' is clicked on

2022-11-28 12:46:13 - [TEST_STEP][PASSED] - delay(5, STOP_ON_FAILURE): Delayed 5 second(s)

2022-11-28 12:46:18 - [MESSAGE][PASSED] - Delayed 5 second(s)

2022-11-28 12:46:18 - [TEST_STEP][PASSED] - setText(findTestObject("register/fill profile/Page_/input__ContactInformationEmail"), "sayed@gmail.com", STOP_ON_FAILURE): Text 'sayed@gmail.com' is set on object 'Object Repository/register/fill profile/Page_/input__ContactInformationEmail'

2022-11-28 12:46:20 - [MESSAGE][PASSED] - Text 'sayed@gmail.com' is set on object 'Object Repository/register/fill profile/Page_/input__ContactInformationEmail'

2022-11-28 12:46:20 - [TEST_STEP][PASSED] - waitForElementVisible(findTestObject("register/fill profile/Page_/country code"), 3, STOP_ON_FAILURE): Object 'Object Repository/register/fill profile/Page_/country code' is visible

2022-11-28 12:46:20 - [MESSAGE][PASSED] - Object 'Object Repository/register/fill profile/Page_/country code' is visible

2022-11-28 12:46:20 - [TEST_STEP][PASSED] - click(findTestObject("register/fill profile/Page_/country code"), STOP_ON_FAILURE): Object: 'Object Repository/register/fill profile/Page_/country code' is clicked on

2022-11-28 12:46:21 - [MESSAGE][PASSED] - Object: 'Object Repository/register/fill profile/Page_/country code' is clicked on

2022-11-28 12:46:21 - [TEST_STEP][PASSED] - click(findTestObject("register/fill profile/Page_/li_(20)"), STOP_ON_FAILURE): Object: 'Object Repository/register/fill profile/Page_/li_(20)' is clicked on

2022-11-28 12:46:22 - [MESSAGE][PASSED] - Object: 'Object Repository/register/fill profile/Page_/li_(20)' is clicked on

2022-11-28 12:46:22 - [TEST_STEP][PASSED] - setText(findTestObject("register/fill profile/Page_/input__ContactInformationMobile"), "01552020596", STOP_ON_FAILURE): Text '01552020596' is set on object 'Object Repository/register/fill profile/Page_/input__ContactInformationMobile'

2022-11-28 12:46:24 - [MESSAGE][PASSED] - Text '01552020596' is set on object 'Object Repository/register/fill profile/Page_/input__ContactInformationMobile'

2022-11-28 12:46:24 - [TEST_STEP][PASSED] - click(findTestObject("register/fill profile/Page_/savecontacr"), STOP_ON_FAILURE): Object: 'Object Repository/register/fill profile/Page_/savecontacr' is clicked on

2022-11-28 12:46:24 - [MESSAGE][PASSED] - Object: 'Object Repository/register/fill profile/Page_/savecontacr' is clicked on

2022-11-28 12:46:24 - [TEST_STEP][PASSED] - click(findTestObject("register/fill profile/Page_/save7"), STOP_ON_FAILURE): Object: 'Object Repository/register/fill profile/Page_/save7' is clicked on

2022-11-28 12:46:25 - [MESSAGE][PASSED] - Object: 'Object Repository/register/fill profile/Page_/save7' is clicked on

2022-11-28 12:46:25 - [TEST_STEP][PASSED] - scrollToElement(findTestObject("register/fill profile/Page_/scroll"), 0, STOP_ON_FAILURE): Scroll to object 'Object Repository/register/fill profile/Page_/scroll' successfully

2022-11-28 12:46:26 - [MESSAGE][WARNING] - Timeout '0' is invalid. Using default page load timeout: '30'

2022-11-28 12:46:27 - [MESSAGE][PASSED] - Scroll to object 'Object Repository/register/fill profile/Page_/scroll' successfully

2022-11-28 12:46:27 - [TEST_STEP][PASSED] - click(findTestObject("register/fill profile//Edit"), STOP_ON_FAILURE): Object: 'Object Repository/register/fill profile//Edit' is clicked on

2022-11-28 12:46:27 - [MESSAGE][PASSED] - Object: 'Object Repository/register/fill profile//Edit' is clicked on

2022-11-28 12:46:27 - [TEST_STEP][PASSED] - setText(findTestObject("register/fill profile//Ownership_Email"), "s@gmail.com", STOP_ON_FAILURE): Text 's@gmail.com' is set on object 'Object Repository/register/fill profile//Ownership_Email'

2022-11-28 12:46:30 - [MESSAGE][PASSED] - Text 's@gmail.com' is set on object 'Object Repository/register/fill profile//Ownership_Email'

2022-11-28 12:46:30 - [TEST_STEP][PASSED] - click(findTestObject("register/fill profile//select 1"), STOP_ON_FAILURE): Object: 'Object Repository/register/fill profile//select 1' is clicked on

2022-11-28 12:46:31 - [MESSAGE][PASSED] - Object: 'Object Repository/register/fill profile//select 1' is clicked on

2022-11-28 12:46:31 - [TEST_STEP][PASSED] - click(findTestObject("register/fill profile/li_(968)"), STOP_ON_FAILURE): Object: 'Object Repository/register/fill profile/li_(968)' is clicked on

2022-11-28 12:46:32 - [MESSAGE][PASSED] - Object: 'Object Repository/register/fill profile/li_(968)' is clicked on

2022-11-28 12:46:32 - [TEST_STEP][PASSED] - setText(findTestObject("register/fill profile//Ownership_Phone"), "300411696", STOP_ON_FAILURE): Text '300411696' is set on object 'Object Repository/register/fill profile//Ownership_Phone'

2022-11-28 12:46:33 - [MESSAGE][PASSED] - Text '300411696' is set on object 'Object Repository/register/fill profile//Ownership_Phone'

2022-11-28 12:46:33 - [TEST_STEP][PASSED] - click(findTestObject("register/fill profile//select2"), STOP_ON_FAILURE): Object: 'Object Repository/register/fill profile//select2' is clicked on

2022-11-28 12:46:34 - [MESSAGE][PASSED] - Object: 'Object Repository/register/fill profile//select2' is clicked on

2022-11-28 12:46:34 - [TEST_STEP][PASSED] - click(findTestObject("register/fill profile/li_(971)"), STOP_ON_FAILURE): Object: 'Object Repository/register/fill profile/li_(971)' is clicked on

2022-11-28 12:46:35 - [MESSAGE][PASSED] - Object: 'Object Repository/register/fill profile/li_(971)' is clicked on

2022-11-28 12:46:35 - [TEST_STEP][PASSED] - setText(findTestObject("register/fill profile//Ownership_Mobile"), "300411696", STOP_ON_FAILURE): Text '300411696' is set on object 'Object Repository/register/fill profile//Ownership_Mobile'

2022-11-28 12:46:36 - [MESSAGE][PASSED] - Text '300411696' is set on object 'Object Repository/register/fill profile//Ownership_Mobile'

2022-11-28 12:46:36 - [TEST_STEP][PASSED] - click(findTestObject("register/fill profile/Update"), STOP_ON_FAILURE): Object: 'Object Repository/register/fill profile/Update' is clicked on

2022-11-28 12:46:37 - [MESSAGE][PASSED] - Object: 'Object Repository/register/fill profile/Update' is clicked on

2022-11-28 12:46:37 - [TEST_STEP][PASSED] - scrollToElement(findTestObject("register/fill profile/Page_/focus2"), 5): Scroll to object 'Object Repository/register/fill profile/Page_/focus2' successfully

2022-11-28 12:46:38 - [MESSAGE][PASSED] - Scroll to object 'Object Repository/register/fill profile/Page_/focus2' successfully

2022-11-28 12:46:38 - [TEST_STEP][PASSED] - focus(findTestObject("register/fill profile/Page_/input__ManagementDetails")): Object: 'Object Repository/register/fill profile/Page_/input__ManagementDetails' is focused

2022-11-28 12:46:39 - [MESSAGE][PASSED] - Object: 'Object Repository/register/fill profile/Page_/input__ManagementDetails' is focused

2022-11-28 12:46:39 - [TEST_STEP][PASSED] - click(findTestObject("register/fill profile/Page_/input__ManagementDetails"), STOP_ON_FAILURE): Object: 'Object Repository/register/fill profile/Page_/input__ManagementDetails' is clicked on

2022-11-28 12:46:40 - [MESSAGE][PASSED] - Object: 'Object Repository/register/fill profile/Page_/input__ManagementDetails' is clicked on

2022-11-28 12:46:40 - [TEST_STEP][PASSED] - setText(findTestObject("register/fill profile/Page_/input__OwnershipDetailsName"), "Ashraf fawzy", STOP_ON_FAILURE): Text 'Ashraf fawzy' is set on object 'Object Repository/register/fill profile/Page_/input__OwnershipDetailsName'

2022-11-28 12:46:41 - [MESSAGE][PASSED] - Text 'Ashraf fawzy' is set on object 'Object Repository/register/fill profile/Page_/input__OwnershipDetailsName'

2022-11-28 12:46:41 - [TEST_STEP][PASSED] - setText(findTestObject("register/fill profile/Page_/input__OwnershipDetailsPosition"), "مهندس مدني", STOP_ON_FAILURE): Text 'مهندس مدني' is set on object 'Object Repository/register/fill profile/Page_/input__OwnershipDetailsPosition'

2022-11-28 12:46:42 - [MESSAGE][PASSED] - Text 'مهندس مدني' is set on object 'Object Repository/register/fill profile/Page_/input__OwnershipDetailsPosition'

2022-11-28 12:46:42 - [TEST_STEP][PASSED] - setText(findTestObject("register/fill profile/Page_/input__OwnershipDetailsEmail"), "s@gmail.com", STOP_ON_FAILURE): Text 's@gmail.com' is set on object 'Object Repository/register/fill profile/Page_/input__OwnershipDetailsEmail'

2022-11-28 12:46:43 - [MESSAGE][PASSED] - Text 's@gmail.com' is set on object 'Object Repository/register/fill profile/Page_/input__OwnershipDetailsEmail'

2022-11-28 12:46:43 - [TEST_STEP][PASSED] - click(findTestObject("register/fill profile/Page_/select3"), STOP_ON_FAILURE): Object: 'Object Repository/register/fill profile/Page_/select3' is clicked on

2022-11-28 12:46:45 - [MESSAGE][PASSED] - Object: 'Object Repository/register/fill profile/Page_/select3' is clicked on

2022-11-28 12:46:45 - [TEST_STEP][PASSED] - click(findTestObject("register/fill profile/li_(61)"), STOP_ON_FAILURE): Object: 'Object Repository/register/fill profile/li_(61)' is clicked on

2022-11-28 12:46:45 - [MESSAGE][PASSED] - Object: 'Object Repository/register/fill profile/li_(61)' is clicked on

2022-11-28 12:46:45 - [TEST_STEP][PASSED] - setText(findTestObject("register/fill profile/Page_/input__OwnershipDetailsPhone"), "300411699", STOP_ON_FAILURE): Text '300411699' is set on object 'Object Repository/register/fill profile/Page_/input__OwnershipDetailsPhone'

2022-11-28 12:46:47 - [MESSAGE][PASSED] - Text '300411699' is set on object 'Object Repository/register/fill profile/Page_/input__OwnershipDetailsPhone'

2022-11-28 12:46:47 - [TEST_STEP][PASSED] - click(findTestObject("register/fill profile/Page_/Save8"), STOP_ON_FAILURE): Object: 'Object Repository/register/fill profile/Page_/Save8' is clicked on

2022-11-28 12:46:47 - [MESSAGE][PASSED] - Object: 'Object Repository/register/fill profile/Page_/Save8' is clicked on

2022-11-28 12:46:47 - [TEST_STEP][PASSED] - scrollToElement(findTestObject("register/fill profile/Page_/scroll"), 0, STOP_ON_FAILURE): Scroll to object 'Object Repository/register/fill profile/Page_/scroll' successfully

2022-11-28 12:46:48 - [MESSAGE][WARNING] - Timeout '0' is invalid. Using default page load timeout: '30'

2022-11-28 12:46:48 - [MESSAGE][PASSED] - Scroll to object 'Object Repository/register/fill profile/Page_/scroll' successfully

2022-11-28 12:46:48 - [TEST_STEP][PASSED] - click(findTestObject("register/fill profile/select4"), STOP_ON_FAILURE): Object: 'Object Repository/register/fill profile/select4' is clicked on

2022-11-28 12:46:49 - [MESSAGE][PASSED] - Object: 'Object Repository/register/fill profile/select4' is clicked on

2022-11-28 12:46:49 - [TEST_STEP][PASSED] - click(findTestObject("register/fill profile/slect4in"), STOP_ON_FAILURE): Object: 'Object Repository/register/fill profile/slect4in' is clicked on

2022-11-28 12:46:50 - [MESSAGE][PASSED] - Object: 'Object Repository/register/fill profile/slect4in' is clicked on

2022-11-28 12:46:50 - [TEST_STEP][PASSED] - click(findTestObject("register/fill profile/New Folder/label_mother yes"), STOP_ON_FAILURE): Object: 'Object Repository/register/fill profile/New Folder/label_mother yes' is clicked on

2022-11-28 12:46:51 - [MESSAGE][PASSED] - Object: 'Object Repository/register/fill profile/New Folder/label_mother yes' is clicked on

2022-11-28 12:46:51 - [TEST_STEP][PASSED] - waitForElementVisible(findTestObject("register/fill profile/input__CompanyHierarchy_ParentCompanyName"), 2): Object 'Object Repository/register/fill profile/input__CompanyHierarchy_ParentCompanyName' is visible

2022-11-28 12:46:51 - [MESSAGE][PASSED] - Object 'Object Repository/register/fill profile/input__CompanyHierarchy_ParentCompanyName' is visible

2022-11-28 12:46:51 - [TEST_STEP][PASSED] - setText(findTestObject("register/fill profile/input__CompanyHierarchy_ParentCompanyName"), "الشركه العربيه", STOP_ON_FAILURE): Text 'الشركه العربيه' is set on object 'Object Repository/register/fill profile/input__CompanyHierarchy_ParentCompanyName'

2022-11-28 12:46:53 - [MESSAGE][PASSED] - Text 'الشركه العربيه' is set on object 'Object Repository/register/fill profile/input__CompanyHierarchy_ParentCompanyName'

2022-11-28 12:46:53 - [TEST_STEP][PASSED] - click(findTestObject("register/fill profile/New Folder/select5"), STOP_ON_FAILURE): Object: 'Object Repository/register/fill profile/New Folder/select5' is clicked on

2022-11-28 12:46:54 - [MESSAGE][PASSED] - Object: 'Object Repository/register/fill profile/New Folder/select5' is clicked on

2022-11-28 12:46:54 - [TEST_STEP][PASSED] - click(findTestObject("register/fill profile/New Folder/5in"), STOP_ON_FAILURE): Object: 'Object Repository/register/fill profile/New Folder/5in' is clicked on

2022-11-28 12:46:54 - [MESSAGE][PASSED] - Object: 'Object Repository/register/fill profile/New Folder/5in' is clicked on

2022-11-28 12:46:54 - [TEST_STEP][PASSED] - setText(findTestObject("register/fill profile/input__txtCompanyHierarchy_City"), "جده", STOP_ON_FAILURE): Text 'جده' is set on object 'Object Repository/register/fill profile/input__txtCompanyHierarchy_City'

2022-11-28 12:46:56 - [MESSAGE][PASSED] - Text 'جده' is set on object 'Object Repository/register/fill profile/input__txtCompanyHierarchy_City'

2022-11-28 12:46:56 - [TEST_STEP][PASSED] - click(findTestObject("register/fill profile/Page_/save9"), STOP_ON_FAILURE): Object: 'Object Repository/register/fill profile/Page_/save9' is clicked on

2022-11-28 12:46:57 - [MESSAGE][PASSED] - Object: 'Object Repository/register/fill profile/Page_/save9' is clicked on

2022-11-28 12:46:57 - [TEST_STEP][PASSED] - scrollToElement(findTestObject("register/fill profile/Page_/scroll"), 2, STOP_ON_FAILURE): Scroll to object 'Object Repository/register/fill profile/Page_/scroll' successfully

2022-11-28 12:46:58 - [MESSAGE][PASSED] - Scroll to object 'Object Repository/register/fill profile/Page_/scroll' successfully

2022-11-28 12:46:58 - [TEST_STEP][FAILED] - click(findTestObject("register/prev buttons/delete wakel")): Unable to click on object 'Object Repository/register/prev buttons/delete wakel' (Root cause: com.kms.katalon.core.exception.StepFailedException: Unable to click on object 'Object Repository/register/prev buttons/delete wakel'
	at com.kms.katalon.core.webui.keyword.internal.WebUIKeywordMain.stepFailed(WebUIKeywordMain.groovy:64)
	at com.kms.katalon.core.webui.keyword.internal.WebUIKeywordMain.runKeyword(WebUIKeywordMain.groovy:26)
	at com.kms.katalon.core.webui.keyword.builtin.ClickKeyword.click(ClickKeyword.groovy:74)
	at com.kms.katalon.core.webui.keyword.builtin.ClickKeyword.execute(ClickKeyword.groovy:40)
	at com.kms.katalon.core.keyword.internal.KeywordExecutor.executeKeywordForPlatform(KeywordExecutor.groovy:74)
	at com.kms.katalon.core.webui.keyword.WebUiBuiltInKeywords.click(WebUiBuiltInKeywords.groovy:620)
	at com.kms.katalon.core.webui.keyword.WebUiBuiltInKeywords$click$3.call(Unknown Source)
	at Company New Reg -Update.run(Company New Reg -Update:191)
	at com.kms.katalon.core.main.ScriptEngine.run(ScriptEngine.java:194)
	at com.kms.katalon.core.main.ScriptEngine.runScriptAsRawText(ScriptEngine.java:119)
	at com.kms.katalon.core.main.TestCaseExecutor.runScript(TestCaseExecutor.java:448)
	at com.kms.katalon.core.main.TestCaseExecutor.doExecute(TestCaseExecutor.java:439)
	at com.kms.katalon.core.main.TestCaseExecutor.processExecutionPhase(TestCaseExecutor.java:418)
	at com.kms.katalon.core.main.TestCaseExecutor.accessMainPhase(TestCaseExecutor.java:410)
	at com.kms.katalon.core.main.TestCaseExecutor.execute(TestCaseExecutor.java:285)
	at com.kms.katalon.core.common.CommonExecutor.accessTestCaseMainPhase(CommonExecutor.java:65)
	at com.kms.katalon.core.main.TestSuiteExecutor.accessTestSuiteMainPhase(TestSuiteExecutor.java:151)
	at com.kms.katalon.core.main.TestSuiteExecutor.execute(TestSuiteExecutor.java:106)
	at com.kms.katalon.core.main.TestCaseMain.startTestSuite(TestCaseMain.java:185)
	at com.kms.katalon.core.main.TestCaseMain$startTestSuite$0.call(Unknown Source)
	at TempTestSuite1669632262710.run(TempTestSuite1669632262710.groovy:36)
Caused by: com.kms.katalon.core.webui.exception.WebElementNotFoundException: Web element with id: 'Object Repository/register/prev buttons/delete wakel' located by '//ul[@id='ddlSMEClassifications_taglist']/li[3]/span[2]' not found
	at com.kms.katalon.core.webui.common.WebUiCommonHelper.findWebElement(WebUiCommonHelper.java:1370)
	at com.kms.katalon.core.webui.keyword.internal.WebUIAbstractKeyword.findWebElement(WebUIAbstractKeyword.groovy:27)
	at com.kms.katalon.core.webui.keyword.builtin.ClickKeyword$_click_closure1.doCall(ClickKeyword.groovy:65)
	at com.kms.katalon.core.webui.keyword.builtin.ClickKeyword$_click_closure1.call(ClickKeyword.groovy)
	at com.kms.katalon.core.webui.keyword.internal.WebUIKeywordMain.runKeyword(WebUIKeywordMain.groovy:20)
	at com.kms.katalon.core.webui.keyword.builtin.ClickKeyword.click(ClickKeyword.groovy:74)
	at com.kms.katalon.core.webui.keyword.builtin.ClickKeyword.execute(ClickKeyword.groovy:40)
	at com.kms.katalon.core.keyword.internal.KeywordExecutor.executeKeywordForPlatform(KeywordExecutor.groovy:74)
	at com.kms.katalon.core.webui.keyword.WebUiBuiltInKeywords.click(WebUiBuiltInKeywords.groovy:620)
	at com.kms.katalon.core.webui.keyword.WebUiBuiltInKeywords$click$3.call(Unknown Source)
	at Script1669628905520.run(Script1669628905520.groovy:191)
	... 13 more
)

2022-11-28 12:47:29 - [MESSAGE][INFO] - Unable to find the element located by 'By.xpath: //ul[@id='ddlSMEClassifications_taglist']/li[3]/span[2]'. Please recheck the objects properties to make sure the desired element is located. 

2022-11-28 12:47:30 - [MESSAGE][FAILED] - Unable to click on object 'Object Repository/register/prev buttons/delete wakel' (Root cause: com.kms.katalon.core.exception.StepFailedException: Unable to click on object 'Object Repository/register/prev buttons/delete wakel'
	at com.kms.katalon.core.webui.keyword.internal.WebUIKeywordMain.stepFailed(WebUIKeywordMain.groovy:64)
	at com.kms.katalon.core.webui.keyword.internal.WebUIKeywordMain.runKeyword(WebUIKeywordMain.groovy:26)
	at com.kms.katalon.core.webui.keyword.builtin.ClickKeyword.click(ClickKeyword.groovy:74)
	at com.kms.katalon.core.webui.keyword.builtin.ClickKeyword.execute(ClickKeyword.groovy:40)
	at com.kms.katalon.core.keyword.internal.KeywordExecutor.executeKeywordForPlatform(KeywordExecutor.groovy:74)
	at com.kms.katalon.core.webui.keyword.WebUiBuiltInKeywords.click(WebUiBuiltInKeywords.groovy:620)
	at com.kms.katalon.core.webui.keyword.WebUiBuiltInKeywords$click$3.call(Unknown Source)
	at Company New Reg -Update.run(Company New Reg -Update:191)
	at com.kms.katalon.core.main.ScriptEngine.run(ScriptEngine.java:194)
	at com.kms.katalon.core.main.ScriptEngine.runScriptAsRawText(ScriptEngine.java:119)
	at com.kms.katalon.core.main.TestCaseExecutor.runScript(TestCaseExecutor.java:448)
	at com.kms.katalon.core.main.TestCaseExecutor.doExecute(TestCaseExecutor.java:439)
	at com.kms.katalon.core.main.TestCaseExecutor.processExecutionPhase(TestCaseExecutor.java:418)
	at com.kms.katalon.core.main.TestCaseExecutor.accessMainPhase(TestCaseExecutor.java:410)
	at com.kms.katalon.core.main.TestCaseExecutor.execute(TestCaseExecutor.java:285)
	at com.kms.katalon.core.common.CommonExecutor.accessTestCaseMainPhase(CommonExecutor.java:65)
	at com.kms.katalon.core.main.TestSuiteExecutor.accessTestSuiteMainPhase(TestSuiteExecutor.java:151)
	at com.kms.katalon.core.main.TestSuiteExecutor.execute(TestSuiteExecutor.java:106)
	at com.kms.katalon.core.main.TestCaseMain.startTestSuite(TestCaseMain.java:185)
	at com.kms.katalon.core.main.TestCaseMain$startTestSuite$0.call(Unknown Source)
	at TempTestSuite1669632262710.run(TempTestSuite1669632262710.groovy:36)
Caused by: com.kms.katalon.core.webui.exception.WebElementNotFoundException: Web element with id: 'Object Repository/register/prev buttons/delete wakel' located by '//ul[@id='ddlSMEClassifications_taglist']/li[3]/span[2]' not found
	at com.kms.katalon.core.webui.common.WebUiCommonHelper.findWebElement(WebUiCommonHelper.java:1370)
	at com.kms.katalon.core.webui.keyword.internal.WebUIAbstractKeyword.findWebElement(WebUIAbstractKeyword.groovy:27)
	at com.kms.katalon.core.webui.keyword.builtin.ClickKeyword$_click_closure1.doCall(ClickKeyword.groovy:65)
	at com.kms.katalon.core.webui.keyword.builtin.ClickKeyword$_click_closure1.call(ClickKeyword.groovy)
	at com.kms.katalon.core.webui.keyword.internal.WebUIKeywordMain.runKeyword(WebUIKeywordMain.groovy:20)
	at com.kms.katalon.core.webui.keyword.builtin.ClickKeyword.click(ClickKeyword.groovy:74)
	at com.kms.katalon.core.webui.keyword.builtin.ClickKeyword.execute(ClickKeyword.groovy:40)
	at com.kms.katalon.core.keyword.internal.KeywordExecutor.executeKeywordForPlatform(KeywordExecutor.groovy:74)
	at com.kms.katalon.core.webui.keyword.WebUiBuiltInKeywords.click(WebUiBuiltInKeywords.groovy:620)
	at com.kms.katalon.core.webui.keyword.WebUiBuiltInKeywords$click$3.call(Unknown Source)
	at Script1669628905520.run(Script1669628905520.groovy:191)
	... 13 more
)
[[ATTACHMENT|C:\\Users\\andalosya\\git\\Jadeer\\Reports\\20221128_124422\\Approve new company\\20221128_124422\\1669632449702.png]]]]></system-out>
         <system-err><![CDATA[2022-11-28 12:44:30 - [TEST_CASE][FAILED] - Test Cases/Company New Reg -Update: Test Cases/Company New Reg -Update FAILED.
Reason:
com.kms.katalon.core.exception.StepFailedException: Unable to click on object 'Object Repository/register/prev buttons/delete wakel'
	at com.kms.katalon.core.webui.keyword.internal.WebUIKeywordMain.stepFailed(WebUIKeywordMain.groovy:64)
	at com.kms.katalon.core.webui.keyword.internal.WebUIKeywordMain.runKeyword(WebUIKeywordMain.groovy:26)
	at com.kms.katalon.core.webui.keyword.builtin.ClickKeyword.click(ClickKeyword.groovy:74)
	at com.kms.katalon.core.webui.keyword.builtin.ClickKeyword.execute(ClickKeyword.groovy:40)
	at com.kms.katalon.core.keyword.internal.KeywordExecutor.executeKeywordForPlatform(KeywordExecutor.groovy:74)
	at com.kms.katalon.core.webui.keyword.WebUiBuiltInKeywords.click(WebUiBuiltInKeywords.groovy:620)
	at com.kms.katalon.core.webui.keyword.WebUiBuiltInKeywords$click$3.call(Unknown Source)
	at Company New Reg -Update.run(Company New Reg -Update:191)
	at com.kms.katalon.core.main.ScriptEngine.run(ScriptEngine.java:194)
	at com.kms.katalon.core.main.ScriptEngine.runScriptAsRawText(ScriptEngine.java:119)
	at com.kms.katalon.core.main.TestCaseExecutor.runScript(TestCaseExecutor.java:448)
	at com.kms.katalon.core.main.TestCaseExecutor.doExecute(TestCaseExecutor.java:439)
	at com.kms.katalon.core.main.TestCaseExecutor.processExecutionPhase(TestCaseExecutor.java:418)
	at com.kms.katalon.core.main.TestCaseExecutor.accessMainPhase(TestCaseExecutor.java:410)
	at com.kms.katalon.core.main.TestCaseExecutor.execute(TestCaseExecutor.java:285)
	at com.kms.katalon.core.common.CommonExecutor.accessTestCaseMainPhase(CommonExecutor.java:65)
	at com.kms.katalon.core.main.TestSuiteExecutor.accessTestSuiteMainPhase(TestSuiteExecutor.java:151)
	at com.kms.katalon.core.main.TestSuiteExecutor.execute(TestSuiteExecutor.java:106)
	at com.kms.katalon.core.main.TestCaseMain.startTestSuite(TestCaseMain.java:185)
	at com.kms.katalon.core.main.TestCaseMain$startTestSuite$0.call(Unknown Source)
	at TempTestSuite1669632262710.run(TempTestSuite1669632262710.groovy:36)
Caused by: com.kms.katalon.core.webui.exception.WebElementNotFoundException: Web element with id: 'Object Repository/register/prev buttons/delete wakel' located by '//ul[@id='ddlSMEClassifications_taglist']/li[3]/span[2]' not found
	at com.kms.katalon.core.webui.common.WebUiCommonHelper.findWebElement(WebUiCommonHelper.java:1370)
	at com.kms.katalon.core.webui.keyword.internal.WebUIAbstractKeyword.findWebElement(WebUIAbstractKeyword.groovy:27)
	at com.kms.katalon.core.webui.keyword.builtin.ClickKeyword$_click_closure1.doCall(ClickKeyword.groovy:65)
	at com.kms.katalon.core.webui.keyword.builtin.ClickKeyword$_click_closure1.call(ClickKeyword.groovy)
	at com.kms.katalon.core.webui.keyword.internal.WebUIKeywordMain.runKeyword(WebUIKeywordMain.groovy:20)
	... 19 more]]></system-err>
      </testcase>
      <testcase name="Test Cases/Auditor new request- small comp-Approve" time="79.232" classname="Test Cases/Auditor new request- small comp-Approve" status="FAILED">
         <failure type="FAILED" message="Test Cases/Auditor new request- small comp-Approve FAILED.
Reason:
com.kms.katalon.core.exception.StepFailedException: Call Test Case 'Test Cases/Login Auditor' failed
	at com.kms.katalon.core.keyword.builtin.CallTestCaseKeyword$_callTestCase_closure1.doCall(CallTestCaseKeyword.groovy:63)
	at com.kms.katalon.core.keyword.builtin.CallTestCaseKeyword$_callTestCase_closure1.call(CallTestCaseKeyword.groovy)
	at com.kms.katalon.core.keyword.internal.KeywordMain.runKeyword(KeywordMain.groovy:74)
	at com.kms.katalon.core.keyword.builtin.CallTestCaseKeyword.callTestCase(CallTestCaseKeyword.groovy:81)
	at com.kms.katalon.core.keyword.builtin.CallTestCaseKeyword.execute(CallTestCaseKeyword.groovy:44)
	at com.kms.katalon.core.keyword.internal.KeywordExecutor.executeKeywordForPlatform(KeywordExecutor.groovy:74)
	at com.kms.katalon.core.keyword.BuiltinKeywords.callTestCase(BuiltinKeywords.groovy:334)
	at Auditor new request- small comp-Approve.run(Auditor new request- small comp-Approve:20)
	at com.kms.katalon.core.main.ScriptEngine.run(ScriptEngine.java:194)
	at com.kms.katalon.core.main.ScriptEngine.runScriptAsRawText(ScriptEngine.java:119)
	at com.kms.katalon.core.main.TestCaseExecutor.runScript(TestCaseExecutor.java:448)
	at com.kms.katalon.core.main.TestCaseExecutor.doExecute(TestCaseExecutor.java:439)
	at com.kms.katalon.core.main.TestCaseExecutor.processExecutionPhase(TestCaseExecutor.java:418)
	at com.kms.katalon.core.main.TestCaseExecutor.accessMainPhase(TestCaseExecutor.java:410)
	at com.kms.katalon.core.main.TestCaseExecutor.execute(TestCaseExecutor.java:285)
	at com.kms.katalon.core.common.CommonExecutor.accessTestCaseMainPhase(CommonExecutor.java:65)
	at com.kms.katalon.core.main.TestSuiteExecutor.accessTestSuiteMainPhase(TestSuiteExecutor.java:151)
	at com.kms.katalon.core.main.TestSuiteExecutor.execute(TestSuiteExecutor.java:106)
	at com.kms.katalon.core.main.TestCaseMain.startTestSuite(TestCaseMain.java:185)
	at com.kms.katalon.core.main.TestCaseMain$startTestSuite$0.call(Unknown Source)
	at TempTestSuite1669632262710.run(TempTestSuite1669632262710.groovy:36)
Caused by: com.kms.katalon.core.exception.StepFailedException: Unable to set text 'Auditor1' of object 'Object Repository/login/input__UserName'
	at com.kms.katalon.core.webui.keyword.internal.WebUIKeywordMain.stepFailed(WebUIKeywordMain.groovy:64)
	at com.kms.katalon.core.webui.keyword.internal.WebUIKeywordMain.runKeyword(WebUIKeywordMain.groovy:26)
	at com.kms.katalon.core.webui.keyword.builtin.SetTextKeyword.setText(SetTextKeyword.groovy:66)
	at com.kms.katalon.core.webui.keyword.builtin.SetTextKeyword.execute(SetTextKeyword.groovy:37)
	at com.kms.katalon.core.keyword.internal.KeywordExecutor.executeKeywordForPlatform(KeywordExecutor.groovy:74)
	at com.kms.katalon.core.webui.keyword.WebUiBuiltInKeywords.setText(WebUiBuiltInKeywords.groovy:980)
	at com.kms.katalon.core.webui.keyword.WebUiBuiltInKeywords$setText$1.call(Unknown Source)
	at Login Auditor.run(Login Auditor:20)
	at com.kms.katalon.core.main.ScriptEngine.run(ScriptEngine.java:194)
	at com.kms.katalon.core.main.ScriptEngine.runScriptAsRawText(ScriptEngine.java:119)
	at com.kms.katalon.core.main.TestCaseExecutor.runScript(TestCaseExecutor.java:448)
	at com.kms.katalon.core.main.TestCaseExecutor.doExecute(TestCaseExecutor.java:439)
	at com.kms.katalon.core.main.TestCaseExecutor.processExecutionPhase(TestCaseExecutor.java:418)
	at com.kms.katalon.core.main.TestCaseExecutor.accessMainPhase(TestCaseExecutor.java:410)
	at com.kms.katalon.core.main.TestCaseExecutor.execute(TestCaseExecutor.java:285)
	at com.kms.katalon.core.main.TestCaseMain.runTestCase(TestCaseMain.java:142)
	at com.kms.katalon.core.keyword.builtin.CallTestCaseKeyword$_callTestCase_closure1.doCall(CallTestCaseKeyword.groovy:59)
	... 20 more
Caused by: org.openqa.selenium.WebDriverException: java.net.ConnectException: Failed to connect to localhost/0:0:0:0:0:0:0:1:48877
Build info: version: '3.141.59', revision: 'e82be7d358', time: '2018-11-14T08:25:53'
System info: host: 'SIDO', ip: '192.168.1.14', os.name: 'Windows 10', os.arch: 'amd64', os.version: '10.0', java.version: '1.8.0_282'
Driver info: driver.version: EventFiringWebDriver
	at org.openqa.selenium.remote.service.DriverCommandExecutor.execute(DriverCommandExecutor.java:92)
	at org.openqa.selenium.remote.RemoteWebDriver.execute(RemoteWebDriver.java:552)
	at com.kms.katalon.selenium.driver.CChromeDriver.execute(CChromeDriver.java:19)
	at org.openqa.selenium.remote.RemoteWebDriver.findElements(RemoteWebDriver.java:353)
	at org.openqa.selenium.remote.RemoteWebDriver.findElementsByXPath(RemoteWebDriver.java:432)
	at org.openqa.selenium.By$ByXPath.findElements(By.java:348)
	at org.openqa.selenium.remote.RemoteWebDriver.findElements(RemoteWebDriver.java:311)
	at org.openqa.selenium.support.events.EventFiringWebDriver.lambda$new$1(EventFiringWebDriver.java:105)
	at com.sun.proxy.$Proxy10.findElements(Unknown Source)
	at org.openqa.selenium.support.events.EventFiringWebDriver.findElements(EventFiringWebDriver.java:182)
	at com.kms.katalon.core.webui.common.WebUiCommonHelper.findElementByNormalMethods(WebUiCommonHelper.java:1016)
	at com.kms.katalon.core.webui.common.WebUiCommonHelper.findElementsBySelectedMethod(WebUiCommonHelper.java:911)
	at com.kms.katalon.core.webui.common.WebUiCommonHelper.findElementsBySelectedMethod(WebUiCommonHelper.java:894)
	at com.kms.katalon.core.webui.common.WebUiCommonHelper.findElementsBySelectedMethod(WebUiCommonHelper.java:889)
	at com.kms.katalon.core.webui.common.WebUiCommonHelper.findElementsByDefault(WebUiCommonHelper.java:885)
	at com.kms.katalon.core.webui.common.WebUiCommonHelper.findWebElements(WebUiCommonHelper.java:720)
	at com.kms.katalon.core.webui.common.WebUiCommonHelper.findWebElement(WebUiCommonHelper.java:1365)
	at com.kms.katalon.core.webui.keyword.internal.WebUIAbstractKeyword.findWebElement(WebUIAbstractKeyword.groovy:27)
	at com.kms.katalon.core.webui.keyword.internal.WebUIAbstractKeyword.findWebElement(WebUIAbstractKeyword.groovy:26)
	at com.kms.katalon.core.webui.keyword.builtin.SetTextKeyword$_setText_closure1.doCall(SetTextKeyword.groovy:51)
	at com.kms.katalon.core.webui.keyword.builtin.SetTextKeyword$_setText_closure1.call(SetTextKeyword.groovy)
	at com.kms.katalon.core.webui.keyword.internal.WebUIKeywordMain.runKeyword(WebUIKeywordMain.groovy:20)
	at com.kms.katalon.core.webui.keyword.builtin.SetTextKeyword.setText(SetTextKeyword.groovy:66)
	at com.kms.katalon.core.webui.keyword.builtin.SetTextKeyword.execute(SetTextKeyword.groovy:37)
	at com.kms.katalon.core.keyword.internal.KeywordExecutor.executeKeywordForPlatform(KeywordExecutor.groovy:74)
	at com.kms.katalon.core.webui.keyword.WebUiBuiltInKeywords.setText(WebUiBuiltInKeywords.groovy:980)
	at com.kms.katalon.core.webui.keyword.WebUiBuiltInKeywords$setText$1.call(Unknown Source)
	at Script1669116738933.run(Script1669116738933.groovy:20)
	at com.kms.katalon.core.main.ScriptEngine.run(ScriptEngine.java:194)
	at com.kms.katalon.core.main.ScriptEngine.runScriptAsRawText(ScriptEngine.java:119)
	at com.kms.katalon.core.main.TestCaseExecutor.runScript(TestCaseExecutor.java:448)
	at com.kms.katalon.core.main.TestCaseExecutor.doExecute(TestCaseExecutor.java:439)
	at com.kms.katalon.core.main.TestCaseExecutor.processExecutionPhase(TestCaseExecutor.java:418)
	at com.kms.katalon.core.main.TestCaseExecutor.accessMainPhase(TestCaseExecutor.java:410)
	at com.kms.katalon.core.main.TestCaseExecutor.execute(TestCaseExecutor.java:285)
	at com.kms.katalon.core.main.TestCaseMain.runTestCase(TestCaseMain.java:142)
	at com.kms.katalon.core.keyword.builtin.CallTestCaseKeyword$_callTestCase_closure1.doCall(CallTestCaseKeyword.groovy:59)
	at com.kms.katalon.core.keyword.builtin.CallTestCaseKeyword$_callTestCase_closure1.call(CallTestCaseKeyword.groovy)
	at com.kms.katalon.core.keyword.internal.KeywordMain.runKeyword(KeywordMain.groovy:74)
	at com.kms.katalon.core.keyword.builtin.CallTestCaseKeyword.callTestCase(CallTestCaseKeyword.groovy:81)
	at com.kms.katalon.core.keyword.builtin.CallTestCaseKeyword.execute(CallTestCaseKeyword.groovy:44)
	at com.kms.katalon.core.keyword.internal.KeywordExecutor.executeKeywordForPlatform(KeywordExecutor.groovy:74)
	at com.kms.katalon.core.keyword.BuiltinKeywords.callTestCase(BuiltinKeywords.groovy:334)
	at Script1669549603804.run(Script1669549603804.groovy:20)
	... 13 more
Caused by: java.net.ConnectException: Failed to connect to localhost/0:0:0:0:0:0:0:1:48877
	at okhttp3.internal.connection.RealConnection.connectSocket(RealConnection.java:247)
	at okhttp3.internal.connection.RealConnection.connect(RealConnection.java:165)
	at okhttp3.internal.connection.StreamAllocation.findConnection(StreamAllocation.java:257)
	at okhttp3.internal.connection.StreamAllocation.findHealthyConnection(StreamAllocation.java:135)
	at okhttp3.internal.connection.StreamAllocation.newStream(StreamAllocation.java:114)
	at okhttp3.internal.connection.ConnectInterceptor.intercept(ConnectInterceptor.java:42)
	at okhttp3.internal.http.RealInterceptorChain.proceed(RealInterceptorChain.java:147)
	at okhttp3.internal.http.RealInterceptorChain.proceed(RealInterceptorChain.java:121)
	at okhttp3.internal.cache.CacheInterceptor.intercept(CacheInterceptor.java:93)
	at okhttp3.internal.http.RealInterceptorChain.proceed(RealInterceptorChain.java:147)
	at okhttp3.internal.http.RealInterceptorChain.proceed(RealInterceptorChain.java:121)
	at okhttp3.internal.http.BridgeInterceptor.intercept(BridgeInterceptor.java:93)
	at okhttp3.internal.http.RealInterceptorChain.proceed(RealInterceptorChain.java:147)
	at okhttp3.internal.http.RetryAndFollowUpInterceptor.intercept(RetryAndFollowUpInterceptor.java:126)
	at okhttp3.internal.http.RealInterceptorChain.proceed(RealInterceptorChain.java:147)
	at okhttp3.internal.http.RealInterceptorChain.proceed(RealInterceptorChain.java:121)
	at okhttp3.RealCall.getResponseWithInterceptorChain(RealCall.java:200)
	at okhttp3.RealCall.execute(RealCall.java:77)
	at org.openqa.selenium.remote.internal.OkHttpClient.execute(OkHttpClient.java:103)
	at org.openqa.selenium.remote.HttpCommandExecutor.execute(HttpCommandExecutor.java:155)
	at org.openqa.selenium.remote.service.DriverCommandExecutor.execute(DriverCommandExecutor.java:83)
	... 56 more
Caused by: java.net.ConnectException: Connection refused: connect
	at okhttp3.internal.platform.Platform.connectSocket(Platform.java:129)
	at okhttp3.internal.connection.RealConnection.connectSocket(RealConnection.java:245)
	at okhttp3.internal.connection.RealConnection.connect(RealConnection.java:165)
	at okhttp3.internal.connection.StreamAllocation.findConnection(StreamAllocation.java:257)
	at okhttp3.internal.connection.StreamAllocation.findHealthyConnection(StreamAllocation.java:135)
	at okhttp3.internal.connection.StreamAllocation.newStream(StreamAllocation.java:114)
	at okhttp3.internal.connection.ConnectInterceptor.intercept(ConnectInterceptor.java:42)
	at okhttp3.internal.http.RealInterceptorChain.proceed(RealInterceptorChain.java:147)
	at okhttp3.internal.http.RealInterceptorChain.proceed(RealInterceptorChain.java:121)
	at okhttp3.internal.cache.CacheInterceptor.intercept(CacheInterceptor.java:93)
	at okhttp3.internal.http.RealInterceptorChain.proceed(RealInterceptorChain.java:147)
	at okhttp3.internal.http.RealInterceptorChain.proceed(RealInterceptorChain.java:121)
	at okhttp3.internal.http.BridgeInterceptor.intercept(BridgeInterceptor.java:93)
	at okhttp3.internal.http.RealInterceptorChain.proceed(RealInterceptorChain.java:147)
	at okhttp3.internal.http.RetryAndFollowUpInterceptor.intercept(RetryAndFollowUpInterceptor.java:126)
	at okhttp3.internal.http.RealInterceptorChain.proceed(RealInterceptorChain.java:147)
	at okhttp3.internal.http.RealInterceptorChain.proceed(RealInterceptorChain.java:121)
	at okhttp3.RealCall.getResponseWithInterceptorChain(RealCall.java:200)
	at okhttp3.RealCall.execute(RealCall.java:77)
	at org.openqa.selenium.remote.internal.OkHttpClient.execute(OkHttpClient.java:103)
	at org.openqa.selenium.remote.HttpCommandExecutor.execute(HttpCommandExecutor.java:155)
	at org.openqa.selenium.remote.service.DriverCommandExecutor.execute(DriverCommandExecutor.java:83)
	at org.openqa.selenium.remote.RemoteWebDriver.execute(RemoteWebDriver.java:552)
	at com.kms.katalon.selenium.driver.CChromeDriver.execute(CChromeDriver.java:19)
	at org.openqa.selenium.remote.RemoteWebDriver.findElements(RemoteWebDriver.java:353)
	at org.openqa.selenium.remote.RemoteWebDriver.findElementsByXPath(RemoteWebDriver.java:432)
	at org.openqa.selenium.By$ByXPath.findElements(By.java:348)
	at org.openqa.selenium.remote.RemoteWebDriver.findElements(RemoteWebDriver.java:311)
	at org.openqa.selenium.support.events.EventFiringWebDriver.lambda$new$1(EventFiringWebDriver.java:105)
	at com.sun.proxy.$Proxy10.findElements(Unknown Source)
	at org.openqa.selenium.support.events.EventFiringWebDriver.findElements(EventFiringWebDriver.java:182)
	at com.kms.katalon.core.webui.common.WebUiCommonHelper.findElementByNormalMethods(WebUiCommonHelper.java:1016)
	at com.kms.katalon.core.webui.common.WebUiCommonHelper.findElementsBySelectedMethod(WebUiCommonHelper.java:911)
	at com.kms.katalon.core.webui.common.WebUiCommonHelper.findElementsBySelectedMethod(WebUiCommonHelper.java:894)
	at com.kms.katalon.core.webui.common.WebUiCommonHelper.findElementsBySelectedMethod(WebUiCommonHelper.java:889)
	at com.kms.katalon.core.webui.common.WebUiCommonHelper.findElementsByDefault(WebUiCommonHelper.java:885)
	at com.kms.katalon.core.webui.common.WebUiCommonHelper.findWebElements(WebUiCommonHelper.java:720)
	at com.kms.katalon.core.webui.common.WebUiCommonHelper.findWebElement(WebUiCommonHelper.java:1365)
	at com.kms.katalon.core.webui.keyword.internal.WebUIAbstractKeyword.findWebElement(WebUIAbstractKeyword.groovy:27)
	at com.kms.katalon.core.webui.keyword.internal.WebUIAbstractKeyword.findWebElement(WebUIAbstractKeyword.groovy:26)
	at com.kms.katalon.core.webui.keyword.builtin.SetTextKeyword$_setText_closure1.doCall(SetTextKeyword.groovy:51)
	at com.kms.katalon.core.webui.keyword.builtin.SetTextKeyword$_setText_closure1.call(SetTextKeyword.groovy)
	at com.kms.katalon.core.webui.keyword.internal.WebUIKeywordMain.runKeyword(WebUIKeywordMain.groovy:20)
	at com.kms.katalon.core.webui.keyword.builtin.SetTextKeyword.setText(SetTextKeyword.groovy:66)
	at com.kms.katalon.core.webui.keyword.builtin.SetTextKeyword.execute(SetTextKeyword.groovy:37)
	at com.kms.katalon.core.keyword.internal.KeywordExecutor.executeKeywordForPlatform(KeywordExecutor.groovy:74)
	at com.kms.katalon.core.webui.keyword.WebUiBuiltInKeywords.setText(WebUiBuiltInKeywords.groovy:980)
	at com.kms.katalon.core.webui.keyword.WebUiBuiltInKeywords$setText$1.call(Unknown Source)
	at Login Auditor.run(Login Auditor:20)
	at com.kms.katalon.core.main.ScriptEngine.run(ScriptEngine.java:194)
	at com.kms.katalon.core.main.ScriptEngine.runScriptAsRawText(ScriptEngine.java:119)
	at com.kms.katalon.core.main.TestCaseExecutor.runScript(TestCaseExecutor.java:448)
	at com.kms.katalon.core.main.TestCaseExecutor.doExecute(TestCaseExecutor.java:439)
	at com.kms.katalon.core.main.TestCaseExecutor.processExecutionPhase(TestCaseExecutor.java:418)
	at com.kms.katalon.core.main.TestCaseExecutor.accessMainPhase(TestCaseExecutor.java:410)
	at com.kms.katalon.core.main.TestCaseExecutor.execute(TestCaseExecutor.java:285)
	at com.kms.katalon.core.main.TestCaseMain.runTestCase(TestCaseMain.java:142)
	at com.kms.katalon.core.keyword.builtin.CallTestCaseKeyword$_callTestCase_closure1.doCall(CallTestCaseKeyword.groovy:59)
	at com.kms.katalon.core.keyword.builtin.CallTestCaseKeyword$_callTestCase_closure1.call(CallTestCaseKeyword.groovy)
	at com.kms.katalon.core.keyword.internal.KeywordMain.runKeyword(KeywordMain.groovy:74)
	at com.kms.katalon.core.keyword.builtin.CallTestCaseKeyword.callTestCase(CallTestCaseKeyword.groovy:81)
	at com.kms.katalon.core.keyword.builtin.CallTestCaseKeyword.execute(CallTestCaseKeyword.groovy:44)
	at com.kms.katalon.core.keyword.internal.KeywordExecutor.executeKeywordForPlatform(KeywordExecutor.groovy:74)
	at com.kms.katalon.core.keyword.BuiltinKeywords.callTestCase(BuiltinKeywords.groovy:334)
	at Auditor new request- small comp-Approve.run(Auditor new request- small comp-Approve:20)
	... 13 more
"/>
         <system-out><![CDATA[2022-11-28 12:47:32 - [TEST_CASE][FAILED] - Test Cases/Auditor new request- small comp-Approve: Test Cases/Auditor new request- small comp-Approve FAILED.
Reason:
com.kms.katalon.core.exception.StepFailedException: Call Test Case 'Test Cases/Login Auditor' failed
	at com.kms.katalon.core.keyword.builtin.CallTestCaseKeyword$_callTestCase_closure1.doCall(CallTestCaseKeyword.groovy:63)
	at com.kms.katalon.core.keyword.builtin.CallTestCaseKeyword$_callTestCase_closure1.call(CallTestCaseKeyword.groovy)
	at com.kms.katalon.core.keyword.internal.KeywordMain.runKeyword(KeywordMain.groovy:74)
	at com.kms.katalon.core.keyword.builtin.CallTestCaseKeyword.callTestCase(CallTestCaseKeyword.groovy:81)
	at com.kms.katalon.core.keyword.builtin.CallTestCaseKeyword.execute(CallTestCaseKeyword.groovy:44)
	at com.kms.katalon.core.keyword.internal.KeywordExecutor.executeKeywordForPlatform(KeywordExecutor.groovy:74)
	at com.kms.katalon.core.keyword.BuiltinKeywords.callTestCase(BuiltinKeywords.groovy:334)
	at Auditor new request- small comp-Approve.run(Auditor new request- small comp-Approve:20)
	at com.kms.katalon.core.main.ScriptEngine.run(ScriptEngine.java:194)
	at com.kms.katalon.core.main.ScriptEngine.runScriptAsRawText(ScriptEngine.java:119)
	at com.kms.katalon.core.main.TestCaseExecutor.runScript(TestCaseExecutor.java:448)
	at com.kms.katalon.core.main.TestCaseExecutor.doExecute(TestCaseExecutor.java:439)
	at com.kms.katalon.core.main.TestCaseExecutor.processExecutionPhase(TestCaseExecutor.java:418)
	at com.kms.katalon.core.main.TestCaseExecutor.accessMainPhase(TestCaseExecutor.java:410)
	at com.kms.katalon.core.main.TestCaseExecutor.execute(TestCaseExecutor.java:285)
	at com.kms.katalon.core.common.CommonExecutor.accessTestCaseMainPhase(CommonExecutor.java:65)
	at com.kms.katalon.core.main.TestSuiteExecutor.accessTestSuiteMainPhase(TestSuiteExecutor.java:151)
	at com.kms.katalon.core.main.TestSuiteExecutor.execute(TestSuiteExecutor.java:106)
	at com.kms.katalon.core.main.TestCaseMain.startTestSuite(TestCaseMain.java:185)
	at com.kms.katalon.core.main.TestCaseMain$startTestSuite$0.call(Unknown Source)
	at TempTestSuite1669632262710.run(TempTestSuite1669632262710.groovy:36)
Caused by: com.kms.katalon.core.exception.StepFailedException: Unable to set text 'Auditor1' of object 'Object Repository/login/input__UserName'
	at com.kms.katalon.core.webui.keyword.internal.WebUIKeywordMain.stepFailed(WebUIKeywordMain.groovy:64)
	at com.kms.katalon.core.webui.keyword.internal.WebUIKeywordMain.runKeyword(WebUIKeywordMain.groovy:26)
	at com.kms.katalon.core.webui.keyword.builtin.SetTextKeyword.setText(SetTextKeyword.groovy:66)
	at com.kms.katalon.core.webui.keyword.builtin.SetTextKeyword.execute(SetTextKeyword.groovy:37)
	at com.kms.katalon.core.keyword.internal.KeywordExecutor.executeKeywordForPlatform(KeywordExecutor.groovy:74)
	at com.kms.katalon.core.webui.keyword.WebUiBuiltInKeywords.setText(WebUiBuiltInKeywords.groovy:980)
	at com.kms.katalon.core.webui.keyword.WebUiBuiltInKeywords$setText$1.call(Unknown Source)
	at Login Auditor.run(Login Auditor:20)
	at com.kms.katalon.core.main.ScriptEngine.run(ScriptEngine.java:194)
	at com.kms.katalon.core.main.ScriptEngine.runScriptAsRawText(ScriptEngine.java:119)
	at com.kms.katalon.core.main.TestCaseExecutor.runScript(TestCaseExecutor.java:448)
	at com.kms.katalon.core.main.TestCaseExecutor.doExecute(TestCaseExecutor.java:439)
	at com.kms.katalon.core.main.TestCaseExecutor.processExecutionPhase(TestCaseExecutor.java:418)
	at com.kms.katalon.core.main.TestCaseExecutor.accessMainPhase(TestCaseExecutor.java:410)
	at com.kms.katalon.core.main.TestCaseExecutor.execute(TestCaseExecutor.java:285)
	at com.kms.katalon.core.main.TestCaseMain.runTestCase(TestCaseMain.java:142)
	at com.kms.katalon.core.keyword.builtin.CallTestCaseKeyword$_callTestCase_closure1.doCall(CallTestCaseKeyword.groovy:59)
	... 20 more
Caused by: org.openqa.selenium.WebDriverException: java.net.ConnectException: Failed to connect to localhost/0:0:0:0:0:0:0:1:48877
Build info: version: '3.141.59', revision: 'e82be7d358', time: '2018-11-14T08:25:53'
System info: host: 'SIDO', ip: '192.168.1.14', os.name: 'Windows 10', os.arch: 'amd64', os.version: '10.0', java.version: '1.8.0_282'
Driver info: driver.version: EventFiringWebDriver
	at org.openqa.selenium.remote.service.DriverCommandExecutor.execute(DriverCommandExecutor.java:92)
	at org.openqa.selenium.remote.RemoteWebDriver.execute(RemoteWebDriver.java:552)
	at com.kms.katalon.selenium.driver.CChromeDriver.execute(CChromeDriver.java:19)
	at org.openqa.selenium.remote.RemoteWebDriver.findElements(RemoteWebDriver.java:353)
	at org.openqa.selenium.remote.RemoteWebDriver.findElementsByXPath(RemoteWebDriver.java:432)
	at org.openqa.selenium.By$ByXPath.findElements(By.java:348)
	at org.openqa.selenium.remote.RemoteWebDriver.findElements(RemoteWebDriver.java:311)
	at org.openqa.selenium.support.events.EventFiringWebDriver.lambda$new$1(EventFiringWebDriver.java:105)
	at com.sun.proxy.$Proxy10.findElements(Unknown Source)
	at org.openqa.selenium.support.events.EventFiringWebDriver.findElements(EventFiringWebDriver.java:182)
	at com.kms.katalon.core.webui.common.WebUiCommonHelper.findElementByNormalMethods(WebUiCommonHelper.java:1016)
	at com.kms.katalon.core.webui.common.WebUiCommonHelper.findElementsBySelectedMethod(WebUiCommonHelper.java:911)
	at com.kms.katalon.core.webui.common.WebUiCommonHelper.findElementsBySelectedMethod(WebUiCommonHelper.java:894)
	at com.kms.katalon.core.webui.common.WebUiCommonHelper.findElementsBySelectedMethod(WebUiCommonHelper.java:889)
	at com.kms.katalon.core.webui.common.WebUiCommonHelper.findElementsByDefault(WebUiCommonHelper.java:885)
	at com.kms.katalon.core.webui.common.WebUiCommonHelper.findWebElements(WebUiCommonHelper.java:720)
	at com.kms.katalon.core.webui.common.WebUiCommonHelper.findWebElement(WebUiCommonHelper.java:1365)
	at com.kms.katalon.core.webui.keyword.internal.WebUIAbstractKeyword.findWebElement(WebUIAbstractKeyword.groovy:27)
	at com.kms.katalon.core.webui.keyword.internal.WebUIAbstractKeyword.findWebElement(WebUIAbstractKeyword.groovy:26)
	at com.kms.katalon.core.webui.keyword.builtin.SetTextKeyword$_setText_closure1.doCall(SetTextKeyword.groovy:51)
	at com.kms.katalon.core.webui.keyword.builtin.SetTextKeyword$_setText_closure1.call(SetTextKeyword.groovy)
	at com.kms.katalon.core.webui.keyword.internal.WebUIKeywordMain.runKeyword(WebUIKeywordMain.groovy:20)
	at com.kms.katalon.core.webui.keyword.builtin.SetTextKeyword.setText(SetTextKeyword.groovy:66)
	at com.kms.katalon.core.webui.keyword.builtin.SetTextKeyword.execute(SetTextKeyword.groovy:37)
	at com.kms.katalon.core.keyword.internal.KeywordExecutor.executeKeywordForPlatform(KeywordExecutor.groovy:74)
	at com.kms.katalon.core.webui.keyword.WebUiBuiltInKeywords.setText(WebUiBuiltInKeywords.groovy:980)
	at com.kms.katalon.core.webui.keyword.WebUiBuiltInKeywords$setText$1.call(Unknown Source)
	at Script1669116738933.run(Script1669116738933.groovy:20)
	at com.kms.katalon.core.main.ScriptEngine.run(ScriptEngine.java:194)
	at com.kms.katalon.core.main.ScriptEngine.runScriptAsRawText(ScriptEngine.java:119)
	at com.kms.katalon.core.main.TestCaseExecutor.runScript(TestCaseExecutor.java:448)
	at com.kms.katalon.core.main.TestCaseExecutor.doExecute(TestCaseExecutor.java:439)
	at com.kms.katalon.core.main.TestCaseExecutor.processExecutionPhase(TestCaseExecutor.java:418)
	at com.kms.katalon.core.main.TestCaseExecutor.accessMainPhase(TestCaseExecutor.java:410)
	at com.kms.katalon.core.main.TestCaseExecutor.execute(TestCaseExecutor.java:285)
	at com.kms.katalon.core.main.TestCaseMain.runTestCase(TestCaseMain.java:142)
	at com.kms.katalon.core.keyword.builtin.CallTestCaseKeyword$_callTestCase_closure1.doCall(CallTestCaseKeyword.groovy:59)
	at com.kms.katalon.core.keyword.builtin.CallTestCaseKeyword$_callTestCase_closure1.call(CallTestCaseKeyword.groovy)
	at com.kms.katalon.core.keyword.internal.KeywordMain.runKeyword(KeywordMain.groovy:74)
	at com.kms.katalon.core.keyword.builtin.CallTestCaseKeyword.callTestCase(CallTestCaseKeyword.groovy:81)
	at com.kms.katalon.core.keyword.builtin.CallTestCaseKeyword.execute(CallTestCaseKeyword.groovy:44)
	at com.kms.katalon.core.keyword.internal.KeywordExecutor.executeKeywordForPlatform(KeywordExecutor.groovy:74)
	at com.kms.katalon.core.keyword.BuiltinKeywords.callTestCase(BuiltinKeywords.groovy:334)
	at Script1669549603804.run(Script1669549603804.groovy:20)
	... 13 more
Caused by: java.net.ConnectException: Failed to connect to localhost/0:0:0:0:0:0:0:1:48877
	at okhttp3.internal.connection.RealConnection.connectSocket(RealConnection.java:247)
	at okhttp3.internal.connection.RealConnection.connect(RealConnection.java:165)
	at okhttp3.internal.connection.StreamAllocation.findConnection(StreamAllocation.java:257)
	at okhttp3.internal.connection.StreamAllocation.findHealthyConnection(StreamAllocation.java:135)
	at okhttp3.internal.connection.StreamAllocation.newStream(StreamAllocation.java:114)
	at okhttp3.internal.connection.ConnectInterceptor.intercept(ConnectInterceptor.java:42)
	at okhttp3.internal.http.RealInterceptorChain.proceed(RealInterceptorChain.java:147)
	at okhttp3.internal.http.RealInterceptorChain.proceed(RealInterceptorChain.java:121)
	at okhttp3.internal.cache.CacheInterceptor.intercept(CacheInterceptor.java:93)
	at okhttp3.internal.http.RealInterceptorChain.proceed(RealInterceptorChain.java:147)
	at okhttp3.internal.http.RealInterceptorChain.proceed(RealInterceptorChain.java:121)
	at okhttp3.internal.http.BridgeInterceptor.intercept(BridgeInterceptor.java:93)
	at okhttp3.internal.http.RealInterceptorChain.proceed(RealInterceptorChain.java:147)
	at okhttp3.internal.http.RetryAndFollowUpInterceptor.intercept(RetryAndFollowUpInterceptor.java:126)
	at okhttp3.internal.http.RealInterceptorChain.proceed(RealInterceptorChain.java:147)
	at okhttp3.internal.http.RealInterceptorChain.proceed(RealInterceptorChain.java:121)
	at okhttp3.RealCall.getResponseWithInterceptorChain(RealCall.java:200)
	at okhttp3.RealCall.execute(RealCall.java:77)
	at org.openqa.selenium.remote.internal.OkHttpClient.execute(OkHttpClient.java:103)
	at org.openqa.selenium.remote.HttpCommandExecutor.execute(HttpCommandExecutor.java:155)
	at org.openqa.selenium.remote.service.DriverCommandExecutor.execute(DriverCommandExecutor.java:83)
	... 56 more
Caused by: java.net.ConnectException: Connection refused: connect
	at okhttp3.internal.platform.Platform.connectSocket(Platform.java:129)
	at okhttp3.internal.connection.RealConnection.connectSocket(RealConnection.java:245)
	at okhttp3.internal.connection.RealConnection.connect(RealConnection.java:165)
	at okhttp3.internal.connection.StreamAllocation.findConnection(StreamAllocation.java:257)
	at okhttp3.internal.connection.StreamAllocation.findHealthyConnection(StreamAllocation.java:135)
	at okhttp3.internal.connection.StreamAllocation.newStream(StreamAllocation.java:114)
	at okhttp3.internal.connection.ConnectInterceptor.intercept(ConnectInterceptor.java:42)
	at okhttp3.internal.http.RealInterceptorChain.proceed(RealInterceptorChain.java:147)
	at okhttp3.internal.http.RealInterceptorChain.proceed(RealInterceptorChain.java:121)
	at okhttp3.internal.cache.CacheInterceptor.intercept(CacheInterceptor.java:93)
	at okhttp3.internal.http.RealInterceptorChain.proceed(RealInterceptorChain.java:147)
	at okhttp3.internal.http.RealInterceptorChain.proceed(RealInterceptorChain.java:121)
	at okhttp3.internal.http.BridgeInterceptor.intercept(BridgeInterceptor.java:93)
	at okhttp3.internal.http.RealInterceptorChain.proceed(RealInterceptorChain.java:147)
	at okhttp3.internal.http.RetryAndFollowUpInterceptor.intercept(RetryAndFollowUpInterceptor.java:126)
	at okhttp3.internal.http.RealInterceptorChain.proceed(RealInterceptorChain.java:147)
	at okhttp3.internal.http.RealInterceptorChain.proceed(RealInterceptorChain.java:121)
	at okhttp3.RealCall.getResponseWithInterceptorChain(RealCall.java:200)
	at okhttp3.RealCall.execute(RealCall.java:77)
	at org.openqa.selenium.remote.internal.OkHttpClient.execute(OkHttpClient.java:103)
	at org.openqa.selenium.remote.HttpCommandExecutor.execute(HttpCommandExecutor.java:155)
	at org.openqa.selenium.remote.service.DriverCommandExecutor.execute(DriverCommandExecutor.java:83)
	at org.openqa.selenium.remote.RemoteWebDriver.execute(RemoteWebDriver.java:552)
	at com.kms.katalon.selenium.driver.CChromeDriver.execute(CChromeDriver.java:19)
	at org.openqa.selenium.remote.RemoteWebDriver.findElements(RemoteWebDriver.java:353)
	at org.openqa.selenium.remote.RemoteWebDriver.findElementsByXPath(RemoteWebDriver.java:432)
	at org.openqa.selenium.By$ByXPath.findElements(By.java:348)
	at org.openqa.selenium.remote.RemoteWebDriver.findElements(RemoteWebDriver.java:311)
	at org.openqa.selenium.support.events.EventFiringWebDriver.lambda$new$1(EventFiringWebDriver.java:105)
	at com.sun.proxy.$Proxy10.findElements(Unknown Source)
	at org.openqa.selenium.support.events.EventFiringWebDriver.findElements(EventFiringWebDriver.java:182)
	at com.kms.katalon.core.webui.common.WebUiCommonHelper.findElementByNormalMethods(WebUiCommonHelper.java:1016)
[...]
	at com.kms.katalon.core.webui.common.WebUiCommonHelper.findElementByNormalMethods(WebUiCommonHelper.java:1016)
	at com.kms.katalon.core.webui.common.WebUiCommonHelper.findElementsBySelectedMethod(WebUiCommonHelper.java:911)
	at com.kms.katalon.core.webui.common.WebUiCommonHelper.findElementsBySelectedMethod(WebUiCommonHelper.java:894)
	at com.kms.katalon.core.webui.common.WebUiCommonHelper.findElementsBySelectedMethod(WebUiCommonHelper.java:889)
	at com.kms.katalon.core.webui.common.WebUiCommonHelper.findElementsByDefault(WebUiCommonHelper.java:885)
	at com.kms.katalon.core.webui.common.WebUiCommonHelper.findWebElements(WebUiCommonHelper.java:720)
	at com.kms.katalon.core.webui.common.WebUiCommonHelper.findWebElement(WebUiCommonHelper.java:1365)
	at com.kms.katalon.core.webui.keyword.internal.WebUIAbstractKeyword.findWebElement(WebUIAbstractKeyword.groovy:27)
	at com.kms.katalon.core.webui.keyword.internal.WebUIAbstractKeyword.findWebElement(WebUIAbstractKeyword.groovy:26)
	at com.kms.katalon.core.webui.keyword.builtin.SetTextKeyword$_setText_closure1.doCall(SetTextKeyword.groovy:51)
	at com.kms.katalon.core.webui.keyword.builtin.SetTextKeyword$_setText_closure1.call(SetTextKeyword.groovy)
	at com.kms.katalon.core.webui.keyword.internal.WebUIKeywordMain.runKeyword(WebUIKeywordMain.groovy:20)
	at com.kms.katalon.core.webui.keyword.builtin.SetTextKeyword.setText(SetTextKeyword.groovy:66)
	at com.kms.katalon.core.webui.keyword.builtin.SetTextKeyword.execute(SetTextKeyword.groovy:37)
	at com.kms.katalon.core.keyword.internal.KeywordExecutor.executeKeywordForPlatform(KeywordExecutor.groovy:74)
	at com.kms.katalon.core.webui.keyword.WebUiBuiltInKeywords.setText(WebUiBuiltInKeywords.groovy:980)
	at com.kms.katalon.core.webui.keyword.WebUiBuiltInKeywords$setText$1.call(Unknown Source)
	at Login Supervisor.run(Login Supervisor:20)
	at com.kms.katalon.core.main.ScriptEngine.run(ScriptEngine.java:194)
	at com.kms.katalon.core.main.ScriptEngine.runScriptAsRawText(ScriptEngine.java:119)
	at com.kms.katalon.core.main.TestCaseExecutor.runScript(TestCaseExecutor.java:448)
	at com.kms.katalon.core.main.TestCaseExecutor.doExecute(TestCaseExecutor.java:439)
	at com.kms.katalon.core.main.TestCaseExecutor.processExecutionPhase(TestCaseExecutor.java:418)
	at com.kms.katalon.core.main.TestCaseExecutor.accessMainPhase(TestCaseExecutor.java:410)
	at com.kms.katalon.core.main.TestCaseExecutor.execute(TestCaseExecutor.java:285)
	at com.kms.katalon.core.main.TestCaseMain.runTestCase(TestCaseMain.java:142)
	at com.kms.katalon.core.keyword.builtin.CallTestCaseKeyword$_callTestCase_closure1.doCall(CallTestCaseKeyword.groovy:59)
	at com.kms.katalon.core.keyword.builtin.CallTestCaseKeyword$_callTestCase_closure1.call(CallTestCaseKeyword.groovy)
	at com.kms.katalon.core.keyword.internal.KeywordMain.runKeyword(KeywordMain.groovy:74)
	at com.kms.katalon.core.keyword.builtin.CallTestCaseKeyword.callTestCase(CallTestCaseKeyword.groovy:81)
	at com.kms.katalon.core.keyword.builtin.CallTestCaseKeyword.execute(CallTestCaseKeyword.groovy:44)
	at com.kms.katalon.core.keyword.internal.KeywordExecutor.executeKeywordForPlatform(KeywordExecutor.groovy:74)
	at com.kms.katalon.core.keyword.BuiltinKeywords.callTestCase(BuiltinKeywords.groovy:334)
	at Supervisor Approve.run(Supervisor Approve:20)
	... 13 more
)]]></system-out>
         <system-err><![CDATA[2022-11-28 12:48:51 - [TEST_CASE][FAILED] - Test Cases/Supervisor Approve: Test Cases/Supervisor Approve FAILED.
Reason:
com.kms.katalon.core.exception.StepFailedException: Call Test Case 'Test Cases/Login Supervisor' failed
	at com.kms.katalon.core.keyword.builtin.CallTestCaseKeyword$_callTestCase_closure1.doCall(CallTestCaseKeyword.groovy:63)
	at com.kms.katalon.core.keyword.builtin.CallTestCaseKeyword$_callTestCase_closure1.call(CallTestCaseKeyword.groovy)
	at com.kms.katalon.core.keyword.internal.KeywordMain.runKeyword(KeywordMain.groovy:74)
	at com.kms.katalon.core.keyword.builtin.CallTestCaseKeyword.callTestCase(CallTestCaseKeyword.groovy:81)
	at com.kms.katalon.core.keyword.builtin.CallTestCaseKeyword.execute(CallTestCaseKeyword.groovy:44)
	at com.kms.katalon.core.keyword.internal.KeywordExecutor.executeKeywordForPlatform(KeywordExecutor.groovy:74)
	at com.kms.katalon.core.keyword.BuiltinKeywords.callTestCase(BuiltinKeywords.groovy:334)
	at Supervisor Approve.run(Supervisor Approve:20)
	at com.kms.katalon.core.main.ScriptEngine.run(ScriptEngine.java:194)
	at com.kms.katalon.core.main.ScriptEngine.runScriptAsRawText(ScriptEngine.java:119)
	at com.kms.katalon.core.main.TestCaseExecutor.runScript(TestCaseExecutor.java:448)
	at com.kms.katalon.core.main.TestCaseExecutor.doExecute(TestCaseExecutor.java:439)
	at com.kms.katalon.core.main.TestCaseExecutor.processExecutionPhase(TestCaseExecutor.java:418)
	at com.kms.katalon.core.main.TestCaseExecutor.accessMainPhase(TestCaseExecutor.java:410)
	at com.kms.katalon.core.main.TestCaseExecutor.execute(TestCaseExecutor.java:285)
	at com.kms.katalon.core.common.CommonExecutor.accessTestCaseMainPhase(CommonExecutor.java:65)
	at com.kms.katalon.core.main.TestSuiteExecutor.accessTestSuiteMainPhase(TestSuiteExecutor.java:151)
	at com.kms.katalon.core.main.TestSuiteExecutor.execute(TestSuiteExecutor.java:106)
	at com.kms.katalon.core.main.TestCaseMain.startTestSuite(TestCaseMain.java:185)
	at com.kms.katalon.core.main.TestCaseMain$startTestSuite$0.call(Unknown Source)
	at TempTestSuite1669632262710.run(TempTestSuite1669632262710.groovy:36)
Caused by: com.kms.katalon.core.exception.StepFailedException: Unable to set text 'Supervisor1' of object 'Object Repository/login/input__UserName'
	at com.kms.katalon.core.webui.keyword.internal.WebUIKeywordMain.stepFailed(WebUIKeywordMain.groovy:64)
	at com.kms.katalon.core.webui.keyword.internal.WebUIKeywordMain.runKeyword(WebUIKeywordMain.groovy:26)
	at com.kms.katalon.core.webui.keyword.builtin.SetTextKeyword.setText(SetTextKeyword.groovy:66)
	at com.kms.katalon.core.webui.keyword.builtin.SetTextKeyword.execute(SetTextKeyword.groovy:37)
	at com.kms.katalon.core.keyword.internal.KeywordExecutor.executeKeywordForPlatform(KeywordExecutor.groovy:74)
	at com.kms.katalon.core.webui.keyword.WebUiBuiltInKeywords.setText(WebUiBuiltInKeywords.groovy:980)
	at com.kms.katalon.core.webui.keyword.WebUiBuiltInKeywords$setText$1.call(Unknown Source)
	at Login Supervisor.run(Login Supervisor:20)
	at com.kms.katalon.core.main.ScriptEngine.run(ScriptEngine.java:194)
	at com.kms.katalon.core.main.ScriptEngine.runScriptAsRawText(ScriptEngine.java:119)
	at com.kms.katalon.core.main.TestCaseExecutor.runScript(TestCaseExecutor.java:448)
	at com.kms.katalon.core.main.TestCaseExecutor.doExecute(TestCaseExecutor.java:439)
	at com.kms.katalon.core.main.TestCaseExecutor.processExecutionPhase(TestCaseExecutor.java:418)
	at com.kms.katalon.core.main.TestCaseExecutor.accessMainPhase(TestCaseExecutor.java:410)
	at com.kms.katalon.core.main.TestCaseExecutor.execute(TestCaseExecutor.java:285)
	at com.kms.katalon.core.main.TestCaseMain.runTestCase(TestCaseMain.java:142)
	at com.kms.katalon.core.keyword.builtin.CallTestCaseKeyword$_callTestCase_closure1.doCall(CallTestCaseKeyword.groovy:59)
	... 20 more
Caused by: org.openqa.selenium.WebDriverException: java.net.ConnectException: Failed to connect to localhost/0:0:0:0:0:0:0:1:48877
Build info: version: '3.141.59', revision: 'e82be7d358', time: '2018-11-14T08:25:53'
System info: host: 'SIDO', ip: '192.168.1.14', os.name: 'Windows 10', os.arch: 'amd64', os.version: '10.0', java.version: '1.8.0_282'
Driver info: driver.version: EventFiringWebDriver
	at org.openqa.selenium.remote.service.DriverCommandExecutor.execute(DriverCommandExecutor.java:92)
	at org.openqa.selenium.remote.RemoteWebDriver.execute(RemoteWebDriver.java:552)
	at com.kms.katalon.selenium.driver.CChromeDriver.execute(CChromeDriver.java:19)
	at org.openqa.selenium.remote.RemoteWebDriver.findElements(RemoteWebDriver.java:353)
	at org.openqa.selenium.remote.RemoteWebDriver.findElementsByXPath(RemoteWebDriver.java:432)
	at org.openqa.selenium.By$ByXPath.findElements(By.java:348)
	at org.openqa.selenium.remote.RemoteWebDriver.findElements(RemoteWebDriver.java:311)
	at org.openqa.selenium.support.events.EventFiringWebDriver.lambda$new$1(EventFiringWebDriver.java:105)
	at com.sun.proxy.$Proxy10.findElements(Unknown Source)
	at org.openqa.selenium.support.events.EventFiringWebDriver.findElements(EventFiringWebDriver.java:182)
	at com.kms.katalon.core.webui.common.WebUiCommonHelper.findElementByNormalMethods(WebUiCommonHelper.java:1016)
	at com.kms.katalon.core.webui.common.WebUiCommonHelper.findElementsBySelectedMethod(WebUiCommonHelper.java:911)
	at com.kms.katalon.core.webui.common.WebUiCommonHelper.findElementsBySelectedMethod(WebUiCommonHelper.java:894)
	at com.kms.katalon.core.webui.common.WebUiCommonHelper.findElementsBySelectedMethod(WebUiCommonHelper.java:889)
	at com.kms.katalon.core.webui.common.WebUiCommonHelper.findElementsByDefault(WebUiCommonHelper.java:885)
	at com.kms.katalon.core.webui.common.WebUiCommonHelper.findWebElements(WebUiCommonHelper.java:720)
	at com.kms.katalon.core.webui.common.WebUiCommonHelper.findWebElement(WebUiCommonHelper.java:1365)
	at com.kms.katalon.core.webui.keyword.internal.WebUIAbstractKeyword.findWebElement(WebUIAbstractKeyword.groovy:27)
	at com.kms.katalon.core.webui.keyword.internal.WebUIAbstractKeyword.findWebElement(WebUIAbstractKeyword.groovy:26)
	at com.kms.katalon.core.webui.keyword.builtin.SetTextKeyword$_setText_closure1.doCall(SetTextKeyword.groovy:51)
	at com.kms.katalon.core.webui.keyword.builtin.SetTextKeyword$_setText_closure1.call(SetTextKeyword.groovy)
	at com.kms.katalon.core.webui.keyword.internal.WebUIKeywordMain.runKeyword(WebUIKeywordMain.groovy:20)
	at com.kms.katalon.core.webui.keyword.builtin.SetTextKeyword.setText(SetTextKeyword.groovy:66)
	at com.kms.katalon.core.webui.keyword.builtin.SetTextKeyword.execute(SetTextKeyword.groovy:37)
	at com.kms.katalon.core.keyword.internal.KeywordExecutor.executeKeywordForPlatform(KeywordExecutor.groovy:74)
	at com.kms.katalon.core.webui.keyword.WebUiBuiltInKeywords.setText(WebUiBuiltInKeywords.groovy:980)
	at com.kms.katalon.core.webui.keyword.WebUiBuiltInKeywords$setText$1.call(Unknown Source)
	at Script1669116754692.run(Script1669116754692.groovy:20)
	at com.kms.katalon.core.main.ScriptEngine.run(ScriptEngine.java:194)
	at com.kms.katalon.core.main.ScriptEngine.runScriptAsRawText(ScriptEngine.java:119)
	at com.kms.katalon.core.main.TestCaseExecutor.runScript(TestCaseExecutor.java:448)
	at com.kms.katalon.core.main.TestCaseExecutor.doExecute(TestCaseExecutor.java:439)
	at com.kms.katalon.core.main.TestCaseExecutor.processExecutionPhase(TestCaseExecutor.java:418)
	at com.kms.katalon.core.main.TestCaseExecutor.accessMainPhase(TestCaseExecutor.java:410)
	at com.kms.katalon.core.main.TestCaseExecutor.execute(TestCaseExecutor.java:285)
	at com.kms.katalon.core.main.TestCaseMain.runTestCase(TestCaseMain.java:142)
	at com.kms.katalon.core.keyword.builtin.CallTestCaseKeyword$_callTestCase_closure1.doCall(CallTestCaseKeyword.groovy:59)
	at com.kms.katalon.core.keyword.builtin.CallTestCaseKeyword$_callTestCase_closure1.call(CallTestCaseKeyword.groovy)
	at com.kms.katalon.core.keyword.internal.KeywordMain.runKeyword(KeywordMain.groovy:74)
	at com.kms.katalon.core.keyword.builtin.CallTestCaseKeyword.callTestCase(CallTestCaseKeyword.groovy:81)
	at com.kms.katalon.core.keyword.builtin.CallTestCaseKeyword.execute(CallTestCaseKeyword.groovy:44)
	at com.kms.katalon.core.keyword.internal.KeywordExecutor.executeKeywordForPlatform(KeywordExecutor.groovy:74)
	at com.kms.katalon.core.keyword.BuiltinKeywords.callTestCase(BuiltinKeywords.groovy:334)
	at Script1669549624025.run(Script1669549624025.groovy:20)
	... 13 more
Caused by: java.net.ConnectException: Failed to connect to localhost/0:0:0:0:0:0:0:1:48877
	at okhttp3.internal.connection.RealConnection.connectSocket(RealConnection.java:247)
	at okhttp3.internal.connection.RealConnection.connect(RealConnection.java:165)
	at okhttp3.internal.connection.StreamAllocation.findConnection(StreamAllocation.java:257)
	at okhttp3.internal.connection.StreamAllocation.findHealthyConnection(StreamAllocation.java:135)
	at okhttp3.internal.connection.StreamAllocation.newStream(StreamAllocation.java:114)
	at okhttp3.internal.connection.ConnectInterceptor.intercept(ConnectInterceptor.java:42)
	at okhttp3.internal.http.RealInterceptorChain.proceed(RealInterceptorChain.java:147)
	at okhttp3.internal.http.RealInterceptorChain.proceed(RealInterceptorChain.java:121)
	at okhttp3.internal.cache.CacheInterceptor.intercept(CacheInterceptor.java:93)
	at okhttp3.internal.http.RealInterceptorChain.proceed(RealInterceptorChain.java:147)
	at okhttp3.internal.http.RealInterceptorChain.proceed(RealInterceptorChain.java:121)
	at okhttp3.internal.http.BridgeInterceptor.intercept(BridgeInterceptor.java:93)
	at okhttp3.internal.http.RealInterceptorChain.proceed(RealInterceptorChain.java:147)
	at okhttp3.internal.http.RetryAndFollowUpInterceptor.intercept(RetryAndFollowUpInterceptor.java:126)
	at okhttp3.internal.http.RealInterceptorChain.proceed(RealInterceptorChain.java:147)
	at okhttp3.internal.http.RealInterceptorChain.proceed(RealInterceptorChain.java:121)
	at okhttp3.RealCall.getResponseWithInterceptorChain(RealCall.java:200)
	at okhttp3.RealCall.execute(RealCall.java:77)
	at org.openqa.selenium.remote.internal.OkHttpClient.execute(OkHttpClient.java:103)
	at org.openqa.selenium.remote.HttpCommandExecutor.execute(HttpCommandExecutor.java:155)
	at org.openqa.selenium.remote.service.DriverCommandExecutor.execute(DriverCommandExecutor.java:83)
	... 56 more
Caused by: java.net.ConnectException: Connection refused: connect
	at okhttp3.internal.platform.Platform.connectSocket(Platform.java:129)
	at okhttp3.internal.connection.RealConnection.connectSocket(RealConnection.java:245)
	at okhttp3.internal.connection.RealConnection.connect(RealConnection.java:165)
	at okhttp3.internal.connection.StreamAllocation.findConnection(StreamAllocation.java:257)
	at okhttp3.internal.connection.StreamAllocation.findHealthyConnection(StreamAllocation.java:135)
	at okhttp3.internal.connection.StreamAllocation.newStream(StreamAllocation.java:114)
	at okhttp3.internal.connection.ConnectInterceptor.intercept(ConnectInterceptor.java:42)
	at okhttp3.internal.http.RealInterceptorChain.proceed(RealInterceptorChain.java:147)
	at okhttp3.internal.http.RealInterceptorChain.proceed(RealInterceptorChain.java:121)
	at okhttp3.internal.cache.CacheInterceptor.intercept(CacheInterceptor.java:93)
	at okhttp3.internal.http.RealInterceptorChain.proceed(RealInterceptorChain.java:147)
	at okhttp3.internal.http.RealInterceptorChain.proceed(RealInterceptorChain.java:121)
	at okhttp3.internal.http.BridgeInterceptor.intercept(BridgeInterceptor.java:93)
	at okhttp3.internal.http.RealInterceptorChain.proceed(RealInterceptorChain.java:147)
	at okhttp3.internal.http.RetryAndFollowUpInterceptor.intercept(RetryAndFollowUpInterceptor.java:126)
	at okhttp3.internal.http.RealInterceptorChain.proceed(RealInterceptorChain.java:147)
	at okhttp3.internal.http.RealInterceptorChain.proceed(RealInterceptorChain.java:121)
	at okhttp3.RealCall.getResponseWithInterceptorChain(RealCall.java:200)
	at okhttp3.RealCall.execute(RealCall.java:77)
	at org.openqa.selenium.remote.internal.OkHttpClient.execute(OkHttpClient.java:103)
	at org.openqa.selenium.remote.HttpCommandExecutor.execute(HttpCommandExecutor.java:155)
	at org.openqa.selenium.remote.service.DriverCommandExecutor.execute(DriverCommandExecutor.java:83)
	at org.openqa.selenium.remote.RemoteWebDriver.execute(RemoteWebDriver.java:552)
	at com.kms.katalon.selenium.driver.CChromeDriver.execute(CChromeDriver.java:19)
	at org.openqa.selenium.remote.RemoteWebDriver.findElements(RemoteWebDriver.java:353)
	at org.openqa.selenium.remote.RemoteWebDriver.findElementsByXPath(RemoteWebDriver.java:432)
	at org.openqa.selenium.By$ByXPath.findElements(By.java:348)
	at org.openqa.selenium.remote.RemoteWebDriver.findElements(RemoteWebDriver.java:311)
	at org.openqa.selenium.support.events.EventFiringWebDriver.lambda$new$1(EventFiringWebDriver.java:105)
	at com.sun.proxy.$Proxy10.findElements(Unknown Source)
	at org.openqa.selenium.support.events.EventFiringWebDriver.findElements(EventFiringWebDriver.java:182)
	at com.kms.katalon.core.webui.common.WebUiCommonHelper.findElementByNormalMethods(WebUiCommonHelper.java:1016)
	at com.kms.katalon.core.webui.common.WebUiCommonHelper.findElementsBySelectedMethod(WebUiCommonHelper.java:911)
	at com.kms.katalon.core.webui.common.WebUiCommonHelper.findElementsBySelectedMethod(WebUiCommonHelper.java:894)
	at com.kms.katalon.core.webui.common.WebUiCommonHelper.findElementsBySelectedMethod(WebUiCommonHelper.java:889)
	at com.kms.katalon.core.webui.common.WebUiCommonHelper.findElementsByDefault(WebUiCommonHelper.java:885)
	at com.kms.katalon.core.webui.common.WebUiCommonHelper.findWebElements(WebUiCommonHelper.java:720)
	at com.kms.katalon.core.webui.common.WebUiCommonHelper.findWebElement(WebUiCommonHelper.java:1365)
	at com.kms.katalon.core.webui.keyword.internal.WebUIAbstractKeyword.findWebElement(WebUIAbstractKeyword.groovy:27)
	at com.kms.katalon.core.webui.keyword.internal.WebUIAbstractKeyword.findWebElement(WebUIAbstractKeyword.groovy:26)
	at com.kms.katalon.core.webui.keyword.builtin.SetTextKeyword$_setText_closure1.doCall(SetTextKeyword.groovy:51)
	at com.kms.katalon.core.webui.keyword.builtin.SetTextKeyword$_setText_closure1.call(SetTextKeyword.groovy)
	at com.kms.katalon.core.webui.keyword.internal.WebUIKeywordMain.runKeyword(WebUIKeywordMain.groovy:20)
	at com.kms.katalon.core.webui.keyword.builtin.SetTextKeyword.setText(SetTextKeyword.groovy:66)
	at com.kms.katalon.core.webui.keyword.builtin.SetTextKeyword.execute(SetTextKeyword.groovy:37)
	at com.kms.katalon.core.keyword.internal.KeywordExecutor.executeKeywordForPlatform(KeywordExecutor.groovy:74)
	at com.kms.katalon.core.webui.keyword.WebUiBuiltInKeywords.setText(WebUiBuiltInKeywords.groovy:980)
	at com.kms.katalon.core.webui.keyword.WebUiBuiltInKeywords$setText$1.call(Unknown Source)
	at Login Supervisor.run(Login Supervisor:20)
	at com.kms.katalon.core.main.ScriptEngine.run(ScriptEngine.java:194)
	at com.kms.katalon.core.main.ScriptEngine.runScriptAsRawText(ScriptEngine.java:119)
	at com.kms.katalon.core.main.TestCaseExecutor.runScript(TestCaseExecutor.java:448)
	at com.kms.katalon.core.main.TestCaseExecutor.doExecute(TestCaseExecutor.java:439)
	at com.kms.katalon.core.main.TestCaseExecutor.processExecutionPhase(TestCaseExecutor.java:418)
	at com.kms.katalon.core.main.TestCaseExecutor.accessMainPhase(TestCaseExecutor.java:410)
	at com.kms.katalon.core.main.TestCaseExecutor.execute(TestCaseExecutor.java:285)
	at com.kms.katalon.core.main.TestCaseMain.runTestCase(TestCaseMain.java:142)
	at com.kms.katalon.core.keyword.builtin.CallTestCaseKeyword$_callTestCase_closure1.doCall(CallTestCaseKeyword.groovy:59)
	at com.kms.katalon.core.keyword.builtin.CallTestCaseKeyword$_callTestCase_closure1.call(CallTestCaseKeyword.groovy)
	at com.kms.katalon.core.keyword.internal.KeywordMain.runKeyword(KeywordMain.groovy:74)
	at com.kms.katalon.core.keyword.builtin.CallTestCaseKeyword.callTestCase(CallTestCaseKeyword.groovy:81)
	at com.kms.katalon.core.keyword.builtin.CallTestCaseKeyword.execute(CallTestCaseKeyword.groovy:44)
	at com.kms.katalon.core.keyword.internal.KeywordExecutor.executeKeywordForPlatform(KeywordExecutor.groovy:74)
	at com.kms.katalon.core.keyword.BuiltinKeywords.callTestCase(BuiltinKeywords.groovy:334)
	at Supervisor Approve.run(Supervisor Approve:20)
	... 13 more]]></system-err>
      </testcase>
      <system-out><![CDATA[2022-11-28 12:44:29 - [TEST_SUITE][INCOMPLETE] - Approve new company: null]]></system-out>
      <system-err><![CDATA[2022-11-28 12:44:29 - [TEST_SUITE][INCOMPLETE] - Approve new company: null]]></system-err>
   </testsuite>
</testsuites>
